Using pre-set license
Built from '2021.3/staging' branch; Version is '2021.3.21f1 (1b156197d683) revision 1774945'; Using compiler version '192829333'; Build Type 'Release'
OS: 'Windows 11  (10.0.22631) 64bit Core' Language: 'en' Physical Memory: 65303 MB
BatchMode: 1, IsHumanControllingUs: 0, StartBugReporterOnCrash: 0, Is64bit: 1, IsPro: 1

COMMAND LINE ARGUMENTS:
C:\Program Files\Unity\Hub\Editor\2021.3.21f1\Editor\Unity.exe
-adb2
-batchMode
-noUpm
-name
AssetImportWorker2
-projectPath
C:/Users/Jess Bayer/Desktop/College/7th Semester/Game Engines/GPE340/GPE340-ProgForEngines/GPE340
-logFile
Logs/AssetImportWorker2.log
-srvPort
54219
Successfully changed project path to: C:/Users/Jess Bayer/Desktop/College/7th Semester/Game Engines/GPE340/GPE340-ProgForEngines/GPE340
C:/Users/Jess Bayer/Desktop/College/7th Semester/Game Engines/GPE340/GPE340-ProgForEngines/GPE340
[UnityMemory] Configuration Parameters - Can be set up in boot.config
    "memorysetup-bucket-allocator-granularity=16"
    "memorysetup-bucket-allocator-bucket-count=8"
    "memorysetup-bucket-allocator-block-size=33554432"
    "memorysetup-bucket-allocator-block-count=8"
    "memorysetup-main-allocator-block-size=16777216"
    "memorysetup-thread-allocator-block-size=16777216"
    "memorysetup-gfx-main-allocator-block-size=16777216"
    "memorysetup-gfx-thread-allocator-block-size=16777216"
    "memorysetup-cache-allocator-block-size=4194304"
    "memorysetup-typetree-allocator-block-size=2097152"
    "memorysetup-profiler-bucket-allocator-granularity=16"
    "memorysetup-profiler-bucket-allocator-bucket-count=8"
    "memorysetup-profiler-bucket-allocator-block-size=33554432"
    "memorysetup-profiler-bucket-allocator-block-count=8"
    "memorysetup-profiler-allocator-block-size=16777216"
    "memorysetup-profiler-editor-allocator-block-size=1048576"
    "memorysetup-temp-allocator-size-main=16777216"
    "memorysetup-job-temp-allocator-block-size=2097152"
    "memorysetup-job-temp-allocator-block-size-background=1048576"
    "memorysetup-job-temp-allocator-reduction-small-platforms=262144"
    "memorysetup-temp-allocator-size-background-worker=32768"
    "memorysetup-temp-allocator-size-job-worker=262144"
    "memorysetup-temp-allocator-size-preload-manager=33554432"
    "memorysetup-temp-allocator-size-nav-mesh-worker=65536"
    "memorysetup-temp-allocator-size-audio-worker=65536"
    "memorysetup-temp-allocator-size-cloud-worker=32768"
    "memorysetup-temp-allocator-size-gi-baking-worker=262144"
    "memorysetup-temp-allocator-size-gfx=262144"
Player connection [2536] Host "[IP] 172.17.3.254 [Port] 0 [Flags] 2 [Guid] 880080942 [EditorId] 880080942 [Version] 1048832 [Id] WindowsEditor(7,DESKTOP-4N5TNEQ) [Debug] 1 [PackageName] WindowsEditor [ProjectName] Editor" joined multi-casting on [225.0.0.222:54997]...

Player connection [2536] Host "[IP] 172.17.3.254 [Port] 0 [Flags] 2 [Guid] 880080942 [EditorId] 880080942 [Version] 1048832 [Id] WindowsEditor(7,DESKTOP-4N5TNEQ) [Debug] 1 [PackageName] WindowsEditor [ProjectName] Editor" joined alternative multi-casting on [225.0.0.222:34997]...

Refreshing native plugins compatible for Editor in 44.43 ms, found 3 plugins.
Preloading 0 native plugins for Editor in 0.00 ms.
Initialize engine version: 2021.3.21f1 (1b156197d683)
[Subsystems] Discovering subsystems at path C:/Program Files/Unity/Hub/Editor/2021.3.21f1/Editor/Data/Resources/UnitySubsystems
[Subsystems] Discovering subsystems at path C:/Users/Jess Bayer/Desktop/College/7th Semester/Game Engines/GPE340/GPE340-ProgForEngines/GPE340/Assets
GfxDevice: creating device client; threaded=0; jobified=0
Direct3D:
    Version:  Direct3D 11.0 [level 11.1]
    Renderer: AMD Radeon RX 6650 XT (ID=0x73ef)
    Vendor:   ATI
    VRAM:     8147 MB
    Driver:   31.0.24033.1003
Initialize mono
Mono path[0] = 'C:/Program Files/Unity/Hub/Editor/2021.3.21f1/Editor/Data/Managed'
Mono path[1] = 'C:/Program Files/Unity/Hub/Editor/2021.3.21f1/Editor/Data/MonoBleedingEdge/lib/mono/unityjit-win32'
Mono config path = 'C:/Program Files/Unity/Hub/Editor/2021.3.21f1/Editor/Data/MonoBleedingEdge/etc'
Using monoOptions --debugger-agent=transport=dt_socket,embedding=1,server=y,suspend=n,address=127.0.0.1:56720
Begin MonoManager ReloadAssembly
Registering precompiled unity dll's ...
Register platform support module: C:/Program Files/Unity/Hub/Editor/2021.3.21f1/Editor/Data/PlaybackEngines/WindowsStandaloneSupport/UnityEditor.WindowsStandalone.Extensions.dll
Registered in 0.002758 seconds.
Native extension for WindowsStandalone target not found
Refreshing native plugins compatible for Editor in 45.87 ms, found 3 plugins.
Preloading 0 native plugins for Editor in 0.00 ms.
Mono: successfully reloaded assembly
- Completed reload, in  0.411 seconds
Domain Reload Profiling:
	ReloadAssembly (411ms)
		BeginReloadAssembly (59ms)
			ExecutionOrderSort (0ms)
			DisableScriptedObjects (0ms)
			BackupInstance (0ms)
			ReleaseScriptingObjects (0ms)
			CreateAndSetChildDomain (1ms)
		EndReloadAssembly (289ms)
			LoadAssemblies (57ms)
			RebuildTransferFunctionScriptingTraits (0ms)
			SetupTypeCache (69ms)
			ReleaseScriptCaches (0ms)
			RebuildScriptCaches (19ms)
			SetupLoadedEditorAssemblies (168ms)
				LogAssemblyErrors (0ms)
				InitializePlatformSupportModulesInManaged (5ms)
				SetLoadedEditorAssemblies (0ms)
				RefreshPlugins (46ms)
				BeforeProcessingInitializeOnLoad (1ms)
				ProcessInitializeOnLoadAttributes (85ms)
				ProcessInitializeOnLoadMethodAttributes (31ms)
				AfterProcessingInitializeOnLoad (0ms)
				EditorAssembliesLoaded (0ms)
			ExecutionOrderSort2 (0ms)
			AwakeInstancesAfterBackupRestoration (0ms)
Platform modules already initialized, skipping
Registering precompiled user dll's ...
Registered in 0.003266 seconds.
Begin MonoManager ReloadAssembly
Symbol file LoadedFromMemory doesn't match image C:\Users\Jess Bayer\Desktop\College\7th Semester\Game Engines\GPE340\GPE340-ProgForEngines\GPE340\Library\PackageCache\com.unity.visualscripting@1.8.0\Editor\VisualScripting.Core\Dependencies\YamlDotNet\Unity.VisualScripting.YamlDotNet.dll
Symbol file LoadedFromMemory doesn't match image C:\Users\Jess Bayer\Desktop\College\7th Semester\Game Engines\GPE340\GPE340-ProgForEngines\GPE340\Library\PackageCache\com.unity.visualscripting@1.8.0\Editor\VisualScripting.Core\Dependencies\DotNetZip\Unity.VisualScripting.IonicZip.dll
Native extension for WindowsStandalone target not found
Refreshing native plugins compatible for Editor in 0.38 ms, found 3 plugins.
Preloading 0 native plugins for Editor in 0.00 ms.
Mono: successfully reloaded assembly
- Completed reload, in  0.692 seconds
Domain Reload Profiling:
	ReloadAssembly (692ms)
		BeginReloadAssembly (81ms)
			ExecutionOrderSort (0ms)
			DisableScriptedObjects (5ms)
			BackupInstance (0ms)
			ReleaseScriptingObjects (0ms)
			CreateAndSetChildDomain (13ms)
		EndReloadAssembly (538ms)
			LoadAssemblies (58ms)
			RebuildTransferFunctionScriptingTraits (0ms)
			SetupTypeCache (184ms)
			ReleaseScriptCaches (0ms)
			RebuildScriptCaches (41ms)
			SetupLoadedEditorAssemblies (227ms)
				LogAssemblyErrors (0ms)
				InitializePlatformSupportModulesInManaged (3ms)
				SetLoadedEditorAssemblies (0ms)
				RefreshPlugins (0ms)
				BeforeProcessingInitializeOnLoad (52ms)
				ProcessInitializeOnLoadAttributes (150ms)
				ProcessInitializeOnLoadMethodAttributes (15ms)
				AfterProcessingInitializeOnLoad (6ms)
				EditorAssembliesLoaded (0ms)
			ExecutionOrderSort2 (0ms)
			AwakeInstancesAfterBackupRestoration (5ms)
Platform modules already initialized, skipping
========================================================================
Worker process is ready to serve import requests
Launched and connected shader compiler UnityShaderCompiler.exe after 0.03 seconds
Refreshing native plugins compatible for Editor in 0.44 ms, found 3 plugins.
Preloading 0 native plugins for Editor in 0.00 ms.
Unloading 3047 Unused Serialized files (Serialized files now loaded: 0)
Unloading 22 unused Assets / (56.1 KB). Loaded Objects now: 3509.
Memory consumption went from 108.4 MB to 108.4 MB.
Total: 1.904500 ms (FindLiveObjects: 0.149100 ms CreateObjectMapping: 0.064900 ms MarkObjects: 1.634400 ms  DeleteObjects: 0.055500 ms)

AssetImportParameters requested are different than current active one (requested -> active):
  custom:video-decoder-ogg-theora: a1e56fd34408186e4bbccfd4996cb3dc -> 
  custom:container-muxer-webm: aa71ff27fc2769a1b78a27578f13a17b -> 
  custom:container-demuxer-webm: 4f35f7cbe854078d1ac9338744f61a02 -> 
  custom:video-encoder-webm-vp8: eb34c28f22e8b96e1ab97ce403110664 -> 
  custom:video-codec-MediaFoundation-h265: 746d11721c4dcdbdad8f713fa42b33f4 -> 
  custom:audio-encoder-webm-vorbis: bf7c407c2cedff20999df2af8eb42d56 -> 
  custom:framework-win-MediaFoundation: 216162199b28c13a410421893ffa2e32 -> 
  custom:container-demuxer-ogg: 62fdf1f143b41e24485cea50d1cbac27 -> 
  custom:video-decoder-webm-vp8: 9c59270c3fd7afecdb556c50c9e8de78 -> 
  custom:audio-decoder-ogg-vorbis: bf7c407c2cedff20999df2af8eb42d56 -> 
========================================================================
Received Import Request.
  Time since last request: 23245.256162 seconds.
  path: Assets/Animations/walk crouching left.fbx
  artifactKey: Guid(7cbc8861944526f418b6ef7d07527564) Importer(815301076,1909f56bfc062723c751e8b465ee728b)
Start importing Assets/Animations/walk crouching left.fbx using Guid(7cbc8861944526f418b6ef7d07527564) Importer(815301076,1909f56bfc062723c751e8b465ee728b)  -> (artifact id: '5209a9012af73266df10b0b20847154f') in 0.051891 seconds 
========================================================================
Received Import Request.
  Time since last request: 0.000019 seconds.
  path: Assets/Animations/death crouching headshot front.fbx
  artifactKey: Guid(cf5248b50b724d048aecce73b63c2db5) Importer(815301076,1909f56bfc062723c751e8b465ee728b)
Start importing Assets/Animations/death crouching headshot front.fbx using Guid(cf5248b50b724d048aecce73b63c2db5) Importer(815301076,1909f56bfc062723c751e8b465ee728b)  -> (artifact id: 'c4aa26e486128cb5b4043103a74fb0ed') in 0.010318 seconds 
========================================================================
Received Import Request.
  Time since last request: 0.000018 seconds.
  path: Assets/Animations/walk crouching backward right.fbx
  artifactKey: Guid(741b2ae2df48fbc40aaa562778b6a957) Importer(815301076,1909f56bfc062723c751e8b465ee728b)
Start importing Assets/Animations/walk crouching backward right.fbx using Guid(741b2ae2df48fbc40aaa562778b6a957) Importer(815301076,1909f56bfc062723c751e8b465ee728b)  -> (artifact id: '7da0528513d0fb330587386ca782b191') in 0.009983 seconds 
========================================================================
Received Import Request.
  Time since last request: 0.000017 seconds.
  path: Assets/Animations/walk crouching backward.fbx
  artifactKey: Guid(00c85830193ce0d4a819c06a32f2cf7a) Importer(815301076,1909f56bfc062723c751e8b465ee728b)
Start importing Assets/Animations/walk crouching backward.fbx using Guid(00c85830193ce0d4a819c06a32f2cf7a) Importer(815301076,1909f56bfc062723c751e8b465ee728b)  -> (artifact id: '9f982cd5289962ce5c79229cfd0e92ed') in 0.009804 seconds 
========================================================================
Received Import Request.
  Time since last request: 0.000024 seconds.
  path: Assets/Animations/walk crouching right.fbx
  artifactKey: Guid(d3ae4cad016c60c4b8a158e3e9d84247) Importer(815301076,1909f56bfc062723c751e8b465ee728b)
Start importing Assets/Animations/walk crouching right.fbx using Guid(d3ae4cad016c60c4b8a158e3e9d84247) Importer(815301076,1909f56bfc062723c751e8b465ee728b)  -> (artifact id: 'b66f58e257b9ae7b660ffa8eb0e010ab') in 0.009380 seconds 
========================================================================
Received Import Request.
  Time since last request: 0.000019 seconds.
  path: Assets/Animations/run backward.fbx
  artifactKey: Guid(ef46a07a8a435e64eae01870c0ae7567) Importer(815301076,1909f56bfc062723c751e8b465ee728b)
Start importing Assets/Animations/run backward.fbx using Guid(ef46a07a8a435e64eae01870c0ae7567) Importer(815301076,1909f56bfc062723c751e8b465ee728b)  -> (artifact id: 'fcff7214f472a0834cc2d2f5430cb80b') in 0.008809 seconds 
========================================================================
Received Import Request.
  Time since last request: 0.000013 seconds.
  path: Assets/Animations/death from right.fbx
  artifactKey: Guid(6b9bd99255bf9c247bf3bf64571e0f7b) Importer(815301076,1909f56bfc062723c751e8b465ee728b)
Start importing Assets/Animations/death from right.fbx using Guid(6b9bd99255bf9c247bf3bf64571e0f7b) Importer(815301076,1909f56bfc062723c751e8b465ee728b)  -> (artifact id: '5bcc646223167e0ad511b74fcc0a8433') in 0.010309 seconds 
========================================================================
Received Import Request.
  Time since last request: 0.000015 seconds.
  path: Assets/Animations/run forward left.fbx
  artifactKey: Guid(e036c9a860e76214a9481490a43a822b) Importer(815301076,1909f56bfc062723c751e8b465ee728b)
Start importing Assets/Animations/run forward left.fbx using Guid(e036c9a860e76214a9481490a43a822b) Importer(815301076,1909f56bfc062723c751e8b465ee728b)  -> (artifact id: '02a6a6c591995791cb7a6e41e791c1cd') in 0.009375 seconds 
========================================================================
Received Import Request.
  Time since last request: 0.000013 seconds.
  path: Assets/Animations/sprint backward right.fbx
  artifactKey: Guid(250ad39312d3bbf4b9bf9857ecba9871) Importer(815301076,1909f56bfc062723c751e8b465ee728b)
Start importing Assets/Animations/sprint backward right.fbx using Guid(250ad39312d3bbf4b9bf9857ecba9871) Importer(815301076,1909f56bfc062723c751e8b465ee728b)  -> (artifact id: '892d221240439bf6282f0e9fc0ddd92d') in 0.009702 seconds 
========================================================================
Received Import Request.
  Time since last request: 0.000013 seconds.
  path: Assets/Animations/death from the front.fbx
  artifactKey: Guid(7183b63d931f3ad4c8965f4fefd57956) Importer(815301076,1909f56bfc062723c751e8b465ee728b)
Start importing Assets/Animations/death from the front.fbx using Guid(7183b63d931f3ad4c8965f4fefd57956) Importer(815301076,1909f56bfc062723c751e8b465ee728b)  -> (artifact id: '47ed48b000c912ddf2f711e258c9efcb') in 0.008738 seconds 
Editor requested this worker to shutdown with reason: Scaling down because of idle timeout
AssetImportWorker is now disconnected from the server
Process exiting
Exiting without the bug reporter. Application will terminate with return code 0