Using pre-set license
Built from '2021.3/staging' branch; Version is '2021.3.21f1 (1b156197d683) revision 1774945'; Using compiler version '192829333'; Build Type 'Release'
OS: 'Windows 11  (10.0.22631) 64bit Core' Language: 'en' Physical Memory: 65303 MB
BatchMode: 1, IsHumanControllingUs: 0, StartBugReporterOnCrash: 0, Is64bit: 1, IsPro: 1

COMMAND LINE ARGUMENTS:
C:\Program Files\Unity\Hub\Editor\2021.3.21f1\Editor\Unity.exe
-adb2
-batchMode
-noUpm
-name
AssetImportWorker4
-projectPath
C:/Users/Jess Bayer/Desktop/College/7th Semester/Game Engines/GPE340/GPE340-ProgForEngines/GPE340
-logFile
Logs/AssetImportWorker4.log
-srvPort
54219
Successfully changed project path to: C:/Users/Jess Bayer/Desktop/College/7th Semester/Game Engines/GPE340/GPE340-ProgForEngines/GPE340
C:/Users/Jess Bayer/Desktop/College/7th Semester/Game Engines/GPE340/GPE340-ProgForEngines/GPE340
[UnityMemory] Configuration Parameters - Can be set up in boot.config
    "memorysetup-bucket-allocator-granularity=16"
    "memorysetup-bucket-allocator-bucket-count=8"
    "memorysetup-bucket-allocator-block-size=33554432"
    "memorysetup-bucket-allocator-block-count=8"
    "memorysetup-main-allocator-block-size=16777216"
    "memorysetup-thread-allocator-block-size=16777216"
    "memorysetup-gfx-main-allocator-block-size=16777216"
    "memorysetup-gfx-thread-allocator-block-size=16777216"
    "memorysetup-cache-allocator-block-size=4194304"
    "memorysetup-typetree-allocator-block-size=2097152"
    "memorysetup-profiler-bucket-allocator-granularity=16"
    "memorysetup-profiler-bucket-allocator-bucket-count=8"
    "memorysetup-profiler-bucket-allocator-block-size=33554432"
    "memorysetup-profiler-bucket-allocator-block-count=8"
    "memorysetup-profiler-allocator-block-size=16777216"
    "memorysetup-profiler-editor-allocator-block-size=1048576"
    "memorysetup-temp-allocator-size-main=16777216"
    "memorysetup-job-temp-allocator-block-size=2097152"
    "memorysetup-job-temp-allocator-block-size-background=1048576"
    "memorysetup-job-temp-allocator-reduction-small-platforms=262144"
    "memorysetup-temp-allocator-size-background-worker=32768"
    "memorysetup-temp-allocator-size-job-worker=262144"
    "memorysetup-temp-allocator-size-preload-manager=33554432"
    "memorysetup-temp-allocator-size-nav-mesh-worker=65536"
    "memorysetup-temp-allocator-size-audio-worker=65536"
    "memorysetup-temp-allocator-size-cloud-worker=32768"
    "memorysetup-temp-allocator-size-gi-baking-worker=262144"
    "memorysetup-temp-allocator-size-gfx=262144"
Player connection [36284] Host "[IP] 172.17.3.254 [Port] 0 [Flags] 2 [Guid] 912672002 [EditorId] 912672002 [Version] 1048832 [Id] WindowsEditor(7,DESKTOP-4N5TNEQ) [Debug] 1 [PackageName] WindowsEditor [ProjectName] Editor" joined multi-casting on [225.0.0.222:54997]...

Player connection [36284] Host "[IP] 172.17.3.254 [Port] 0 [Flags] 2 [Guid] 912672002 [EditorId] 912672002 [Version] 1048832 [Id] WindowsEditor(7,DESKTOP-4N5TNEQ) [Debug] 1 [PackageName] WindowsEditor [ProjectName] Editor" joined alternative multi-casting on [225.0.0.222:34997]...

Refreshing native plugins compatible for Editor in 45.01 ms, found 3 plugins.
Preloading 0 native plugins for Editor in 0.00 ms.
Initialize engine version: 2021.3.21f1 (1b156197d683)
[Subsystems] Discovering subsystems at path C:/Program Files/Unity/Hub/Editor/2021.3.21f1/Editor/Data/Resources/UnitySubsystems
[Subsystems] Discovering subsystems at path C:/Users/Jess Bayer/Desktop/College/7th Semester/Game Engines/GPE340/GPE340-ProgForEngines/GPE340/Assets
GfxDevice: creating device client; threaded=0; jobified=0
Direct3D:
    Version:  Direct3D 11.0 [level 11.1]
    Renderer: AMD Radeon RX 6650 XT (ID=0x73ef)
    Vendor:   ATI
    VRAM:     8147 MB
    Driver:   31.0.24033.1003
Initialize mono
Mono path[0] = 'C:/Program Files/Unity/Hub/Editor/2021.3.21f1/Editor/Data/Managed'
Mono path[1] = 'C:/Program Files/Unity/Hub/Editor/2021.3.21f1/Editor/Data/MonoBleedingEdge/lib/mono/unityjit-win32'
Mono config path = 'C:/Program Files/Unity/Hub/Editor/2021.3.21f1/Editor/Data/MonoBleedingEdge/etc'
Using monoOptions --debugger-agent=transport=dt_socket,embedding=1,server=y,suspend=n,address=127.0.0.1:56904
Begin MonoManager ReloadAssembly
Registering precompiled unity dll's ...
Register platform support module: C:/Program Files/Unity/Hub/Editor/2021.3.21f1/Editor/Data/PlaybackEngines/WindowsStandaloneSupport/UnityEditor.WindowsStandalone.Extensions.dll
Registered in 0.003339 seconds.
Native extension for WindowsStandalone target not found
Refreshing native plugins compatible for Editor in 48.43 ms, found 3 plugins.
Preloading 0 native plugins for Editor in 0.00 ms.
Mono: successfully reloaded assembly
- Completed reload, in  0.410 seconds
Domain Reload Profiling:
	ReloadAssembly (411ms)
		BeginReloadAssembly (60ms)
			ExecutionOrderSort (0ms)
			DisableScriptedObjects (0ms)
			BackupInstance (0ms)
			ReleaseScriptingObjects (0ms)
			CreateAndSetChildDomain (0ms)
		EndReloadAssembly (286ms)
			LoadAssemblies (58ms)
			RebuildTransferFunctionScriptingTraits (0ms)
			SetupTypeCache (68ms)
			ReleaseScriptCaches (0ms)
			RebuildScriptCaches (17ms)
			SetupLoadedEditorAssemblies (167ms)
				LogAssemblyErrors (0ms)
				InitializePlatformSupportModulesInManaged (5ms)
				SetLoadedEditorAssemblies (0ms)
				RefreshPlugins (48ms)
				BeforeProcessingInitializeOnLoad (1ms)
				ProcessInitializeOnLoadAttributes (80ms)
				ProcessInitializeOnLoadMethodAttributes (32ms)
				AfterProcessingInitializeOnLoad (0ms)
				EditorAssembliesLoaded (0ms)
			ExecutionOrderSort2 (0ms)
			AwakeInstancesAfterBackupRestoration (0ms)
Platform modules already initialized, skipping
Registering precompiled user dll's ...
Registered in 0.003603 seconds.
Begin MonoManager ReloadAssembly
Symbol file LoadedFromMemory doesn't match image C:\Users\Jess Bayer\Desktop\College\7th Semester\Game Engines\GPE340\GPE340-ProgForEngines\GPE340\Library\PackageCache\com.unity.visualscripting@1.8.0\Editor\VisualScripting.Core\Dependencies\YamlDotNet\Unity.VisualScripting.YamlDotNet.dll
Symbol file LoadedFromMemory doesn't match image C:\Users\Jess Bayer\Desktop\College\7th Semester\Game Engines\GPE340\GPE340-ProgForEngines\GPE340\Library\PackageCache\com.unity.visualscripting@1.8.0\Editor\VisualScripting.Core\Dependencies\DotNetZip\Unity.VisualScripting.IonicZip.dll
Native extension for WindowsStandalone target not found
Refreshing native plugins compatible for Editor in 0.36 ms, found 3 plugins.
Preloading 0 native plugins for Editor in 0.00 ms.
Mono: successfully reloaded assembly
- Completed reload, in  0.699 seconds
Domain Reload Profiling:
	ReloadAssembly (699ms)
		BeginReloadAssembly (82ms)
			ExecutionOrderSort (0ms)
			DisableScriptedObjects (4ms)
			BackupInstance (0ms)
			ReleaseScriptingObjects (0ms)
			CreateAndSetChildDomain (13ms)
		EndReloadAssembly (548ms)
			LoadAssemblies (60ms)
			RebuildTransferFunctionScriptingTraits (0ms)
			SetupTypeCache (190ms)
			ReleaseScriptCaches (1ms)
			RebuildScriptCaches (41ms)
			SetupLoadedEditorAssemblies (230ms)
				LogAssemblyErrors (0ms)
				InitializePlatformSupportModulesInManaged (4ms)
				SetLoadedEditorAssemblies (0ms)
				RefreshPlugins (0ms)
				BeforeProcessingInitializeOnLoad (51ms)
				ProcessInitializeOnLoadAttributes (156ms)
				ProcessInitializeOnLoadMethodAttributes (14ms)
				AfterProcessingInitializeOnLoad (4ms)
				EditorAssembliesLoaded (0ms)
			ExecutionOrderSort2 (0ms)
			AwakeInstancesAfterBackupRestoration (4ms)
Platform modules already initialized, skipping
========================================================================
Worker process is ready to serve import requests
Launched and connected shader compiler UnityShaderCompiler.exe after 0.03 seconds
Refreshing native plugins compatible for Editor in 0.43 ms, found 3 plugins.
Preloading 0 native plugins for Editor in 0.00 ms.
Unloading 3047 Unused Serialized files (Serialized files now loaded: 0)
Unloading 22 unused Assets / (56.1 KB). Loaded Objects now: 3509.
Memory consumption went from 108.4 MB to 108.3 MB.
Total: 2.009400 ms (FindLiveObjects: 0.171500 ms CreateObjectMapping: 0.104300 ms MarkObjects: 1.682200 ms  DeleteObjects: 0.050500 ms)

AssetImportParameters requested are different than current active one (requested -> active):
  custom:video-decoder-ogg-theora: a1e56fd34408186e4bbccfd4996cb3dc -> 
  custom:container-muxer-webm: aa71ff27fc2769a1b78a27578f13a17b -> 
  custom:container-demuxer-webm: 4f35f7cbe854078d1ac9338744f61a02 -> 
  custom:video-encoder-webm-vp8: eb34c28f22e8b96e1ab97ce403110664 -> 
  custom:video-codec-MediaFoundation-h265: 746d11721c4dcdbdad8f713fa42b33f4 -> 
  custom:audio-encoder-webm-vorbis: bf7c407c2cedff20999df2af8eb42d56 -> 
  custom:framework-win-MediaFoundation: 216162199b28c13a410421893ffa2e32 -> 
  custom:container-demuxer-ogg: 62fdf1f143b41e24485cea50d1cbac27 -> 
  custom:video-decoder-webm-vp8: 9c59270c3fd7afecdb556c50c9e8de78 -> 
  custom:audio-decoder-ogg-vorbis: bf7c407c2cedff20999df2af8eb42d56 -> 
========================================================================
Received Import Request.
  Time since last request: 23245.290549 seconds.
  path: Assets/Animations/walk crouching forward right.fbx
  artifactKey: Guid(ca9eca2301fc2c74590aa546153648be) Importer(815301076,1909f56bfc062723c751e8b465ee728b)
Start importing Assets/Animations/walk crouching forward right.fbx using Guid(ca9eca2301fc2c74590aa546153648be) Importer(815301076,1909f56bfc062723c751e8b465ee728b)  -> (artifact id: 'b010181e69d0bb5e532ef16715551f24') in 0.040242 seconds 
========================================================================
Received Import Request.
  Time since last request: 0.000018 seconds.
  path: Assets/Animations/jump loop.fbx
  artifactKey: Guid(2e2afae06f0602d48a1ebc66313da542) Importer(815301076,1909f56bfc062723c751e8b465ee728b)
Start importing Assets/Animations/jump loop.fbx using Guid(2e2afae06f0602d48a1ebc66313da542) Importer(815301076,1909f56bfc062723c751e8b465ee728b)  -> (artifact id: '61cc81b401794efb195ece0fdb69531c') in 0.010504 seconds 
========================================================================
Received Import Request.
  Time since last request: 0.000018 seconds.
  path: Assets/Animations/sprint backward left.fbx
  artifactKey: Guid(0fbe8d53100321044b81e72d9089e4ce) Importer(815301076,1909f56bfc062723c751e8b465ee728b)
Start importing Assets/Animations/sprint backward left.fbx using Guid(0fbe8d53100321044b81e72d9089e4ce) Importer(815301076,1909f56bfc062723c751e8b465ee728b)  -> (artifact id: '30747038d12f2f7a7c37bf7b8d221ebc') in 0.009565 seconds 
========================================================================
Received Import Request.
  Time since last request: 0.000019 seconds.
  path: Assets/Animations/sprint backward.fbx
  artifactKey: Guid(35762953d4013574cb34a23d4cdde287) Importer(815301076,1909f56bfc062723c751e8b465ee728b)
Start importing Assets/Animations/sprint backward.fbx using Guid(35762953d4013574cb34a23d4cdde287) Importer(815301076,1909f56bfc062723c751e8b465ee728b)  -> (artifact id: '606e73d637baab30497087f2c6663356') in 0.009272 seconds 
========================================================================
Received Import Request.
  Time since last request: 0.000023 seconds.
  path: Assets/Animations/idle.fbx
  artifactKey: Guid(bae79fbcd17ef1848bf8515aa4cfb33f) Importer(815301076,1909f56bfc062723c751e8b465ee728b)
Start importing Assets/Animations/idle.fbx using Guid(bae79fbcd17ef1848bf8515aa4cfb33f) Importer(815301076,1909f56bfc062723c751e8b465ee728b)  -> (artifact id: '4ea78e50aee5613ed1c217ce59e4a343') in 0.010096 seconds 
========================================================================
Received Import Request.
  Time since last request: 0.000017 seconds.
  path: Assets/Animations/run left.fbx
  artifactKey: Guid(078d874992ef9154b9c25cb0d8e979cb) Importer(815301076,1909f56bfc062723c751e8b465ee728b)
Start importing Assets/Animations/run left.fbx using Guid(078d874992ef9154b9c25cb0d8e979cb) Importer(815301076,1909f56bfc062723c751e8b465ee728b)  -> (artifact id: 'ad8ba9beb10cddcfb299a6319be587fc') in 0.007597 seconds 
========================================================================
Received Import Request.
  Time since last request: 0.000016 seconds.
  path: Assets/Animations/run right.fbx
  artifactKey: Guid(e8662a3f8af05b142a3b134598fec1cc) Importer(815301076,1909f56bfc062723c751e8b465ee728b)
Start importing Assets/Animations/run right.fbx using Guid(e8662a3f8af05b142a3b134598fec1cc) Importer(815301076,1909f56bfc062723c751e8b465ee728b)  -> (artifact id: 'd386aa2fe0374ba352e5da637ec2a547') in 0.009576 seconds 
========================================================================
Received Import Request.
  Time since last request: 0.000014 seconds.
  path: Assets/Animations/sprint left.fbx
  artifactKey: Guid(3e22d76a38fca3c408f01f36bbd41834) Importer(815301076,1909f56bfc062723c751e8b465ee728b)
Start importing Assets/Animations/sprint left.fbx using Guid(3e22d76a38fca3c408f01f36bbd41834) Importer(815301076,1909f56bfc062723c751e8b465ee728b)  -> (artifact id: 'cb6c2bb2b6e8866ab267ab217a85a2a6') in 0.009813 seconds 
========================================================================
Received Import Request.
  Time since last request: 0.000017 seconds.
  path: Assets/Animations/walk crouching forward left.fbx
  artifactKey: Guid(5bc1d4f5d56a1e44bb13cf63715583b4) Importer(815301076,1909f56bfc062723c751e8b465ee728b)
Start importing Assets/Animations/walk crouching forward left.fbx using Guid(5bc1d4f5d56a1e44bb13cf63715583b4) Importer(815301076,1909f56bfc062723c751e8b465ee728b)  -> (artifact id: 'c7033a5899eff6c0c639fc068046efb8') in 0.010123 seconds 
========================================================================
Received Import Request.
  Time since last request: 5.887977 seconds.
  path: Assets
  artifactKey: Guid(00000000000000001000000000000000) Importer(815301076,1909f56bfc062723c751e8b465ee728b)
Start importing Assets using Guid(00000000000000001000000000000000) Importer(815301076,1909f56bfc062723c751e8b465ee728b)  -> (artifact id: '79842766b460edbeab6a34051e857a80') in 0.007881 seconds 
========================================================================
Received Import Request.
  Time since last request: 4.253171 seconds.
  path: Assets/Art
  artifactKey: Guid(f5ed3e7c7d9e2504fb387e6580710356) Importer(815301076,1909f56bfc062723c751e8b465ee728b)
Start importing Assets/Art using Guid(f5ed3e7c7d9e2504fb387e6580710356) Importer(815301076,1909f56bfc062723c751e8b465ee728b)  -> (artifact id: 'd94381e3e89d1da7f931d5b9ea8383c0') in 0.007943 seconds 
========================================================================
Received Import Request.
  Time since last request: 23.352841 seconds.
  path: Assets/Animations
  artifactKey: Guid(b3f334517ab464f4f92fe679700df7eb) Importer(815301076,1909f56bfc062723c751e8b465ee728b)
Start importing Assets/Animations using Guid(b3f334517ab464f4f92fe679700df7eb) Importer(815301076,1909f56bfc062723c751e8b465ee728b)  -> (artifact id: '09a3802f9bda4655ccb5fc82f4105091') in 0.006979 seconds 
========================================================================
Received Import Request.
  Time since last request: 13.490460 seconds.
  path: Assets/Art/X Bot.fbx
  artifactKey: Guid(fd6e9b90896d750499339e5f7ff2b7c4) Importer(815301076,1909f56bfc062723c751e8b465ee728b)
Start importing Assets/Art/X Bot.fbx using Guid(fd6e9b90896d750499339e5f7ff2b7c4) Importer(815301076,1909f56bfc062723c751e8b465ee728b)  -> (artifact id: 'f4b2844007be90c82c09ca3905698b13') in 0.228826 seconds 
========================================================================
Received Import Request.
  Time since last request: 306.744966 seconds.
  path: Assets/Art/X Bot.fbx
  artifactKey: Guid(fd6e9b90896d750499339e5f7ff2b7c4) Importer(815301076,1909f56bfc062723c751e8b465ee728b)
Start importing Assets/Art/X Bot.fbx using Guid(fd6e9b90896d750499339e5f7ff2b7c4) Importer(815301076,1909f56bfc062723c751e8b465ee728b)  -> (artifact id: 'b8d4b028d6211e41dfa342d4f7798e51') in 0.023792 seconds 
========================================================================
Received Import Request.
  Time since last request: 0.000016 seconds.
  path: Assets/Art/Beta_Joints_MAT1.mat
  artifactKey: Guid(448fb426cf8045841ade71600c461eb9) Importer(815301076,1909f56bfc062723c751e8b465ee728b)
Start importing Assets/Art/Beta_Joints_MAT1.mat using Guid(448fb426cf8045841ade71600c461eb9) Importer(815301076,1909f56bfc062723c751e8b465ee728b)  -> (artifact id: '80b52a793638dccdd7d050b9caf98341') in 0.011520 seconds 
========================================================================
Received Import Request.
  Time since last request: 40.503295 seconds.
  path: Assets/Art/X Bot.fbx
  artifactKey: Guid(fd6e9b90896d750499339e5f7ff2b7c4) Importer(815301076,1909f56bfc062723c751e8b465ee728b)
Start importing Assets/Art/X Bot.fbx using Guid(fd6e9b90896d750499339e5f7ff2b7c4) Importer(815301076,1909f56bfc062723c751e8b465ee728b)  -> (artifact id: 'ce93415cfc7076bb25693752705707ad') in 0.021328 seconds 
========================================================================
Received Import Request.
  Time since last request: 2.225072 seconds.
  path: Assets/Art/Materials
  artifactKey: Guid(8a1014f6d77e2174c88bac99578f35fa) Importer(815301076,1909f56bfc062723c751e8b465ee728b)
Start importing Assets/Art/Materials using Guid(8a1014f6d77e2174c88bac99578f35fa) Importer(815301076,1909f56bfc062723c751e8b465ee728b)  -> (artifact id: '2dc8257a25bd316187dd6e8680e0fdcd') in 0.007280 seconds 
========================================================================
Received Import Request.
  Time since last request: 0.083883 seconds.
  path: Assets/Art/Materials/Beta_HighLimbsGeoSG3.mat
  artifactKey: Guid(f5ba656d2d4ad394a88357633cc2feb8) Importer(815301076,1909f56bfc062723c751e8b465ee728b)
Start importing Assets/Art/Materials/Beta_HighLimbsGeoSG3.mat using Guid(f5ba656d2d4ad394a88357633cc2feb8) Importer(815301076,1909f56bfc062723c751e8b465ee728b)  -> (artifact id: '5cb9c2e3c9484948cf192fb99f7247bf') in 0.009775 seconds 
========================================================================
Received Import Request.
  Time since last request: 22.394060 seconds.
  path: Assets/Art/X Bot.fbx
  artifactKey: Guid(fd6e9b90896d750499339e5f7ff2b7c4) Importer(815301076,1909f56bfc062723c751e8b465ee728b)
Start importing Assets/Art/X Bot.fbx using Guid(fd6e9b90896d750499339e5f7ff2b7c4) Importer(815301076,1909f56bfc062723c751e8b465ee728b)  -> (artifact id: '7b45a5c8a61a6a2ead62fd49a8a71dca') in 0.027885 seconds 
========================================================================
Received Import Request.
  Time since last request: 143.343916 seconds.
  path: Assets/Animations/run forward right.fbx
  artifactKey: Guid(5176b7b73279c124785ce7d1a14f7da4) Importer(815301076,1909f56bfc062723c751e8b465ee728b)
Start importing Assets/Animations/run forward right.fbx using Guid(5176b7b73279c124785ce7d1a14f7da4) Importer(815301076,1909f56bfc062723c751e8b465ee728b)  -> (artifact id: '2c858c70e7ef6fe2c5c876a00baf8d26') in 0.003733 seconds 
========================================================================
Received Import Request.
  Time since last request: 0.102460 seconds.
  path: Assets/Animations/crouching turn 90 left.fbx
  artifactKey: Guid(f4b31fd0008183f4aa9ab3dcb23c4b11) Importer(815301076,1909f56bfc062723c751e8b465ee728b)
Start importing Assets/Animations/crouching turn 90 left.fbx using Guid(f4b31fd0008183f4aa9ab3dcb23c4b11) Importer(815301076,1909f56bfc062723c751e8b465ee728b)  -> (artifact id: '1eae9cd99002dbc82e62b3c991faa081') in 0.010228 seconds 
========================================================================
Received Import Request.
  Time since last request: 0.000017 seconds.
  path: Assets/Animations/idle aiming.fbx
  artifactKey: Guid(e8cdcac6b62eb534eb3ef0e64b101305) Importer(815301076,1909f56bfc062723c751e8b465ee728b)
Start importing Assets/Animations/idle aiming.fbx using Guid(e8cdcac6b62eb534eb3ef0e64b101305) Importer(815301076,1909f56bfc062723c751e8b465ee728b)  -> (artifact id: 'e6e58113bc1c7dbb3dee6f0b8e030619') in 0.004856 seconds 
========================================================================
Received Import Request.
  Time since last request: 0.001864 seconds.
  path: Assets/Animations/death crouching headshot front.fbx
  artifactKey: Guid(cf5248b50b724d048aecce73b63c2db5) Importer(815301076,1909f56bfc062723c751e8b465ee728b)
Start importing Assets/Animations/death crouching headshot front.fbx using Guid(cf5248b50b724d048aecce73b63c2db5) Importer(815301076,1909f56bfc062723c751e8b465ee728b)  -> (artifact id: '3ed30206ed2dc5765367df76837d24e0') in 0.010517 seconds 
========================================================================
Received Import Request.
  Time since last request: 0.000022 seconds.
  path: Assets/Animations/walk crouching backward left.fbx
  artifactKey: Guid(a759302760dcd0b478f1cca3f4faad02) Importer(815301076,1909f56bfc062723c751e8b465ee728b)
Start importing Assets/Animations/walk crouching backward left.fbx using Guid(a759302760dcd0b478f1cca3f4faad02) Importer(815301076,1909f56bfc062723c751e8b465ee728b)  -> (artifact id: 'ddb069d695fefbb4b39b0f09eac8d331') in 0.004644 seconds 
========================================================================
Received Import Request.
  Time since last request: 0.000021 seconds.
  path: Assets/Animations/sprint forward left.fbx
  artifactKey: Guid(5c912658405cddd4c896aa7ef2dc8f84) Importer(815301076,1909f56bfc062723c751e8b465ee728b)
Start importing Assets/Animations/sprint forward left.fbx using Guid(5c912658405cddd4c896aa7ef2dc8f84) Importer(815301076,1909f56bfc062723c751e8b465ee728b)  -> (artifact id: 'e3f0caf0d85237ad38fd9ba92f477351') in 0.003872 seconds 
========================================================================
Received Import Request.
  Time since last request: 0.000017 seconds.
  path: Assets/Animations/walk crouching backward right.fbx
  artifactKey: Guid(741b2ae2df48fbc40aaa562778b6a957) Importer(815301076,1909f56bfc062723c751e8b465ee728b)
Start importing Assets/Animations/walk crouching backward right.fbx using Guid(741b2ae2df48fbc40aaa562778b6a957) Importer(815301076,1909f56bfc062723c751e8b465ee728b)  -> (artifact id: '670227c0c0f209ada1a98c8483723972') in 0.003989 seconds 
========================================================================
Received Import Request.
  Time since last request: 0.000016 seconds.
  path: Assets/Animations/death from the back.fbx
  artifactKey: Guid(fe5ff0d80e389204784bef51ee62d34a) Importer(815301076,1909f56bfc062723c751e8b465ee728b)
Start importing Assets/Animations/death from the back.fbx using Guid(fe5ff0d80e389204784bef51ee62d34a) Importer(815301076,1909f56bfc062723c751e8b465ee728b)  -> (artifact id: 'ef021d1b12c2f6116081ac270b374cac') in 0.003609 seconds 
========================================================================
Received Import Request.
  Time since last request: 0.000017 seconds.
  path: Assets/Animations/walk crouching backward.fbx
  artifactKey: Guid(00c85830193ce0d4a819c06a32f2cf7a) Importer(815301076,1909f56bfc062723c751e8b465ee728b)
Start importing Assets/Animations/walk crouching backward.fbx using Guid(00c85830193ce0d4a819c06a32f2cf7a) Importer(815301076,1909f56bfc062723c751e8b465ee728b)  -> (artifact id: 'd1f6675004c973e4b3104be3478f791d') in 0.009951 seconds 
========================================================================
Received Import Request.
  Time since last request: 0.000015 seconds.
  path: Assets/Animations/sprint forward right.fbx
  artifactKey: Guid(f4790f9076c82c54a90dab39579a4f4e) Importer(815301076,1909f56bfc062723c751e8b465ee728b)
Start importing Assets/Animations/sprint forward right.fbx using Guid(f4790f9076c82c54a90dab39579a4f4e) Importer(815301076,1909f56bfc062723c751e8b465ee728b)  -> (artifact id: 'eb17009c3cb751933f0da5e0b6d8d9c6') in 0.003582 seconds 
========================================================================
Received Import Request.
  Time since last request: 0.000018 seconds.
  path: Assets/Animations/walk backward right.fbx
  artifactKey: Guid(698eeea91f7f3b44d995eba1579eb037) Importer(815301076,1909f56bfc062723c751e8b465ee728b)
Start importing Assets/Animations/walk backward right.fbx using Guid(698eeea91f7f3b44d995eba1579eb037) Importer(815301076,1909f56bfc062723c751e8b465ee728b)  -> (artifact id: '8a02d0337f04a180f31eb5db73b60b89') in 0.004297 seconds 
========================================================================
Received Import Request.
  Time since last request: 0.000026 seconds.
  path: Assets/Animations/sprint right.fbx
  artifactKey: Guid(785bab6e06eaf5344a49df6520749f42) Importer(815301076,1909f56bfc062723c751e8b465ee728b)
Start importing Assets/Animations/sprint right.fbx using Guid(785bab6e06eaf5344a49df6520749f42) Importer(815301076,1909f56bfc062723c751e8b465ee728b)  -> (artifact id: 'aa4fda58349145f3a34b75f512615a1d') in 0.004337 seconds 
========================================================================
Received Import Request.
  Time since last request: 0.000030 seconds.
  path: Assets/Animations/sprint backward.fbx
  artifactKey: Guid(35762953d4013574cb34a23d4cdde287) Importer(815301076,1909f56bfc062723c751e8b465ee728b)
Start importing Assets/Animations/sprint backward.fbx using Guid(35762953d4013574cb34a23d4cdde287) Importer(815301076,1909f56bfc062723c751e8b465ee728b)  -> (artifact id: '6b742a83b424a56d3ece86b4d06113f4') in 0.003524 seconds 
========================================================================
Received Import Request.
  Time since last request: 0.000012 seconds.
  path: Assets/Animations/walk right.fbx
  artifactKey: Guid(306ce37b51789794a9ea47a30e943f73) Importer(815301076,1909f56bfc062723c751e8b465ee728b)
Start importing Assets/Animations/walk right.fbx using Guid(306ce37b51789794a9ea47a30e943f73) Importer(815301076,1909f56bfc062723c751e8b465ee728b)  -> (artifact id: '30798ec4877b949b621422cd667b3aef') in 0.008327 seconds 
========================================================================
Received Import Request.
  Time since last request: 0.000019 seconds.
  path: Assets/Animations/sprint forward.fbx
  artifactKey: Guid(5144eb4c191d18d4ea5c406f58de3342) Importer(815301076,1909f56bfc062723c751e8b465ee728b)
Start importing Assets/Animations/sprint forward.fbx using Guid(5144eb4c191d18d4ea5c406f58de3342) Importer(815301076,1909f56bfc062723c751e8b465ee728b)  -> (artifact id: '829b408bbcd19928b0568ab1f5d89f53') in 0.008705 seconds 
========================================================================
Received Import Request.
  Time since last request: 0.000018 seconds.
  path: Assets/Animations/walk forward left.fbx
  artifactKey: Guid(b3170f85f37be3a46afd3699bfba4ab0) Importer(815301076,1909f56bfc062723c751e8b465ee728b)
Start importing Assets/Animations/walk forward left.fbx using Guid(b3170f85f37be3a46afd3699bfba4ab0) Importer(815301076,1909f56bfc062723c751e8b465ee728b)  -> (artifact id: '2af32b4c8ff73e66b8ec1bd410208ba8') in 0.009679 seconds 
========================================================================
Received Import Request.
  Time since last request: 0.000021 seconds.
  path: Assets/Animations/run forward left.fbx
  artifactKey: Guid(e036c9a860e76214a9481490a43a822b) Importer(815301076,1909f56bfc062723c751e8b465ee728b)
Start importing Assets/Animations/run forward left.fbx using Guid(e036c9a860e76214a9481490a43a822b) Importer(815301076,1909f56bfc062723c751e8b465ee728b)  -> (artifact id: '941cc26fee44ddb66cbb343ff3a26ff9') in 0.003508 seconds 
========================================================================
Received Import Request.
  Time since last request: 0.000017 seconds.
  path: Assets/Animations/turn 90 left.fbx
  artifactKey: Guid(3e4c1adfa8a18cf41a7d532a4caa68c9) Importer(815301076,1909f56bfc062723c751e8b465ee728b)
Start importing Assets/Animations/turn 90 left.fbx using Guid(3e4c1adfa8a18cf41a7d532a4caa68c9) Importer(815301076,1909f56bfc062723c751e8b465ee728b)  -> (artifact id: 'cef90fe9e05be005a0f4699c4102946c') in 0.003877 seconds 
========================================================================
Received Import Request.
  Time since last request: 0.000040 seconds.
  path: Assets/Animations/idle crouching.fbx
  artifactKey: Guid(a0fe1565ab00e40409a50605c51d8c8d) Importer(815301076,1909f56bfc062723c751e8b465ee728b)
Start importing Assets/Animations/idle crouching.fbx using Guid(a0fe1565ab00e40409a50605c51d8c8d) Importer(815301076,1909f56bfc062723c751e8b465ee728b)  -> (artifact id: '799bda4358d1e7819259d74320167f7d') in 0.003467 seconds 
========================================================================
Received Import Request.
  Time since last request: 0.000012 seconds.
  path: Assets/Animations/walk left.fbx
  artifactKey: Guid(66bbf0ff2a2b9cd4691140e4f07bdcba) Importer(815301076,1909f56bfc062723c751e8b465ee728b)
Start importing Assets/Animations/walk left.fbx using Guid(66bbf0ff2a2b9cd4691140e4f07bdcba) Importer(815301076,1909f56bfc062723c751e8b465ee728b)  -> (artifact id: '92dc9b4d9483c08931e52328dc4b5c58') in 0.003923 seconds 
========================================================================
Received Import Request.
  Time since last request: 0.000016 seconds.
  path: Assets/Animations/run forward.fbx
  artifactKey: Guid(26d9c236bb34d0d40bf77096d7fe4206) Importer(815301076,1909f56bfc062723c751e8b465ee728b)
Start importing Assets/Animations/run forward.fbx using Guid(26d9c236bb34d0d40bf77096d7fe4206) Importer(815301076,1909f56bfc062723c751e8b465ee728b)  -> (artifact id: 'eb035e1be5176fb0a81de0818569fdb4') in 0.005013 seconds 
========================================================================
Received Import Request.
  Time since last request: 0.000015 seconds.
  path: Assets/Animations/walk crouching forward.fbx
  artifactKey: Guid(7073380b4771c7e49b5ca4b131af8ace) Importer(815301076,1909f56bfc062723c751e8b465ee728b)
Start importing Assets/Animations/walk crouching forward.fbx using Guid(7073380b4771c7e49b5ca4b131af8ace) Importer(815301076,1909f56bfc062723c751e8b465ee728b)  -> (artifact id: '10476176ab22dc6732b43298eef560dd') in 0.004208 seconds 
========================================================================
Received Import Request.
  Time since last request: 0.000017 seconds.
  path: Assets/Animations/walk crouching forward left.fbx
  artifactKey: Guid(5bc1d4f5d56a1e44bb13cf63715583b4) Importer(815301076,1909f56bfc062723c751e8b465ee728b)
Start importing Assets/Animations/walk crouching forward left.fbx using Guid(5bc1d4f5d56a1e44bb13cf63715583b4) Importer(815301076,1909f56bfc062723c751e8b465ee728b)  -> (artifact id: '171c2d9819387142040427badd357be8') in 0.003276 seconds 
========================================================================
Received Import Request.
  Time since last request: 0.000019 seconds.
  path: Assets/Animations/walk forward.fbx
  artifactKey: Guid(4c7ff1e0585bba44581b5875a04cfa65) Importer(815301076,1909f56bfc062723c751e8b465ee728b)
Start importing Assets/Animations/walk forward.fbx using Guid(4c7ff1e0585bba44581b5875a04cfa65) Importer(815301076,1909f56bfc062723c751e8b465ee728b)  -> (artifact id: '339e146f106be9560418a5f6efe6cd7f') in 0.003854 seconds 
========================================================================
Received Import Request.
  Time since last request: 40.313110 seconds.
  path: Assets/Animations/crouching turn 90 left.fbx
  artifactKey: Guid(f4b31fd0008183f4aa9ab3dcb23c4b11) Importer(815301076,1909f56bfc062723c751e8b465ee728b)
Start importing Assets/Animations/crouching turn 90 left.fbx using Guid(f4b31fd0008183f4aa9ab3dcb23c4b11) Importer(815301076,1909f56bfc062723c751e8b465ee728b)  -> (artifact id: 'bf90cf050c8132bc2912ee1e101f9e5a') in 0.010668 seconds 
========================================================================
Received Import Request.
  Time since last request: 12.886791 seconds.
  path: Assets/Animations/crouching turn 90 right.fbx
  artifactKey: Guid(ccb665d425d60a8438bb89309a99a2f2) Importer(815301076,1909f56bfc062723c751e8b465ee728b)
Start importing Assets/Animations/crouching turn 90 right.fbx using Guid(ccb665d425d60a8438bb89309a99a2f2) Importer(815301076,1909f56bfc062723c751e8b465ee728b)  -> (artifact id: '95368ac7d93afa46f51bbd4781cacc8b') in 0.004818 seconds 
========================================================================
Received Import Request.
  Time since last request: 14.915652 seconds.
  path: Assets/Animations/death crouching headshot front.fbx
  artifactKey: Guid(cf5248b50b724d048aecce73b63c2db5) Importer(815301076,1909f56bfc062723c751e8b465ee728b)
Start importing Assets/Animations/death crouching headshot front.fbx using Guid(cf5248b50b724d048aecce73b63c2db5) Importer(815301076,1909f56bfc062723c751e8b465ee728b)  -> (artifact id: 'afa57593b2facdabc27fd01695d960db') in 0.003840 seconds 
========================================================================
Received Import Request.
  Time since last request: 14.108515 seconds.
  path: Assets/Animations/death from back headshot.fbx
  artifactKey: Guid(d697a1d847f429f43aea6120287b5218) Importer(815301076,1909f56bfc062723c751e8b465ee728b)
Start importing Assets/Animations/death from back headshot.fbx using Guid(d697a1d847f429f43aea6120287b5218) Importer(815301076,1909f56bfc062723c751e8b465ee728b)  -> (artifact id: '485f29dcc6bcea572262ca2ab13acfff') in 0.003986 seconds 
========================================================================
Received Import Request.
  Time since last request: 14.044356 seconds.
  path: Assets/Animations/death from front headshot.fbx
  artifactKey: Guid(7aed21c7f8806e642a07945c6706d153) Importer(815301076,1909f56bfc062723c751e8b465ee728b)
Start importing Assets/Animations/death from front headshot.fbx using Guid(7aed21c7f8806e642a07945c6706d153) Importer(815301076,1909f56bfc062723c751e8b465ee728b)  -> (artifact id: '15ecc154ad0df2cb89fab60366ee127b') in 0.008965 seconds 
========================================================================
Received Import Request.
  Time since last request: 14.786700 seconds.
  path: Assets/Animations/death from right.fbx
  artifactKey: Guid(6b9bd99255bf9c247bf3bf64571e0f7b) Importer(815301076,1909f56bfc062723c751e8b465ee728b)
Start importing Assets/Animations/death from right.fbx using Guid(6b9bd99255bf9c247bf3bf64571e0f7b) Importer(815301076,1909f56bfc062723c751e8b465ee728b)  -> (artifact id: 'bc0cf9a433d4ff940deb3fe3bf5612ba') in 0.004072 seconds 
========================================================================
Received Import Request.
  Time since last request: 11.592971 seconds.
  path: Assets/Animations/death from the back.fbx
  artifactKey: Guid(fe5ff0d80e389204784bef51ee62d34a) Importer(815301076,1909f56bfc062723c751e8b465ee728b)
Start importing Assets/Animations/death from the back.fbx using Guid(fe5ff0d80e389204784bef51ee62d34a) Importer(815301076,1909f56bfc062723c751e8b465ee728b)  -> (artifact id: '2fdc5f5f682f632b15fcdabba45b51bf') in 0.003798 seconds 
========================================================================
Received Import Request.
  Time since last request: 8.695948 seconds.
  path: Assets/Animations/death from the front.fbx
  artifactKey: Guid(7183b63d931f3ad4c8965f4fefd57956) Importer(815301076,1909f56bfc062723c751e8b465ee728b)
Start importing Assets/Animations/death from the front.fbx using Guid(7183b63d931f3ad4c8965f4fefd57956) Importer(815301076,1909f56bfc062723c751e8b465ee728b)  -> (artifact id: '9ef3b423ee639c5b79a8234be5789c58') in 0.003690 seconds 
========================================================================
Received Import Request.
  Time since last request: 12.492950 seconds.
  path: Assets/Animations/idle aiming.fbx
  artifactKey: Guid(e8cdcac6b62eb534eb3ef0e64b101305) Importer(815301076,1909f56bfc062723c751e8b465ee728b)
Start importing Assets/Animations/idle aiming.fbx using Guid(e8cdcac6b62eb534eb3ef0e64b101305) Importer(815301076,1909f56bfc062723c751e8b465ee728b)  -> (artifact id: '246cb0db4f141002d5a4203fd02d7af0') in 0.003406 seconds 
========================================================================
Received Import Request.
  Time since last request: 11.495071 seconds.
  path: Assets/Animations/idle crouching aiming.fbx
  artifactKey: Guid(9b577ffe22ceaee48b6dc9aea2a72451) Importer(815301076,1909f56bfc062723c751e8b465ee728b)
Start importing Assets/Animations/idle crouching aiming.fbx using Guid(9b577ffe22ceaee48b6dc9aea2a72451) Importer(815301076,1909f56bfc062723c751e8b465ee728b)  -> (artifact id: '6f8aeb27166735a24a0fc63ec0d82ffb') in 0.003472 seconds 
========================================================================
Received Import Request.
  Time since last request: 7.671636 seconds.
  path: Assets/Animations/idle crouching.fbx
  artifactKey: Guid(a0fe1565ab00e40409a50605c51d8c8d) Importer(815301076,1909f56bfc062723c751e8b465ee728b)
Start importing Assets/Animations/idle crouching.fbx using Guid(a0fe1565ab00e40409a50605c51d8c8d) Importer(815301076,1909f56bfc062723c751e8b465ee728b)  -> (artifact id: '934678500d0788ecd2a8d10bc244f1fe') in 0.003368 seconds 
========================================================================
Received Import Request.
  Time since last request: 5.684746 seconds.
  path: Assets/Animations/idle.fbx
  artifactKey: Guid(bae79fbcd17ef1848bf8515aa4cfb33f) Importer(815301076,1909f56bfc062723c751e8b465ee728b)
Start importing Assets/Animations/idle.fbx using Guid(bae79fbcd17ef1848bf8515aa4cfb33f) Importer(815301076,1909f56bfc062723c751e8b465ee728b)  -> (artifact id: '2b0a7be90c4135e62dd1ece0d2553aee') in 0.003391 seconds 
========================================================================
Received Import Request.
  Time since last request: 8.505738 seconds.
  path: Assets/Animations/jump down.fbx
  artifactKey: Guid(09538ce9f624a5e4e86c171246c92468) Importer(815301076,1909f56bfc062723c751e8b465ee728b)
Start importing Assets/Animations/jump down.fbx using Guid(09538ce9f624a5e4e86c171246c92468) Importer(815301076,1909f56bfc062723c751e8b465ee728b)  -> (artifact id: '52fe9ab0358f0b28d3b9f99b88f663e9') in 0.003344 seconds 
========================================================================
Received Import Request.
  Time since last request: 10.795092 seconds.
  path: Assets/Animations/jump loop.fbx
  artifactKey: Guid(2e2afae06f0602d48a1ebc66313da542) Importer(815301076,1909f56bfc062723c751e8b465ee728b)
Start importing Assets/Animations/jump loop.fbx using Guid(2e2afae06f0602d48a1ebc66313da542) Importer(815301076,1909f56bfc062723c751e8b465ee728b)  -> (artifact id: 'ae318a69689bd073cbadf81ac0bffb65') in 0.003675 seconds 
========================================================================
Received Import Request.
  Time since last request: 6.776484 seconds.
  path: Assets/Animations/idle aiming.fbx
  artifactKey: Guid(e8cdcac6b62eb534eb3ef0e64b101305) Importer(815301076,1909f56bfc062723c751e8b465ee728b)
Start importing Assets/Animations/idle aiming.fbx using Guid(e8cdcac6b62eb534eb3ef0e64b101305) Importer(815301076,1909f56bfc062723c751e8b465ee728b)  -> (artifact id: '7312681397941d34cb08c267db5a3ae5') in 0.003558 seconds 
========================================================================
Received Import Request.
  Time since last request: 3.196299 seconds.
  path: Assets/Animations/idle crouching aiming.fbx
  artifactKey: Guid(9b577ffe22ceaee48b6dc9aea2a72451) Importer(815301076,1909f56bfc062723c751e8b465ee728b)
Start importing Assets/Animations/idle crouching aiming.fbx using Guid(9b577ffe22ceaee48b6dc9aea2a72451) Importer(815301076,1909f56bfc062723c751e8b465ee728b)  -> (artifact id: '7247b9c48ebe8840a0c3ca06e471c713') in 0.003845 seconds 
========================================================================
Received Import Request.
  Time since last request: 2.850792 seconds.
  path: Assets/Animations/idle crouching.fbx
  artifactKey: Guid(a0fe1565ab00e40409a50605c51d8c8d) Importer(815301076,1909f56bfc062723c751e8b465ee728b)
Start importing Assets/Animations/idle crouching.fbx using Guid(a0fe1565ab00e40409a50605c51d8c8d) Importer(815301076,1909f56bfc062723c751e8b465ee728b)  -> (artifact id: '3c59d88e689ccb5ed6517ee4a13d0676') in 0.004013 seconds 
========================================================================
Received Import Request.
  Time since last request: 3.290405 seconds.
  path: Assets/Animations/idle.fbx
  artifactKey: Guid(bae79fbcd17ef1848bf8515aa4cfb33f) Importer(815301076,1909f56bfc062723c751e8b465ee728b)
Start importing Assets/Animations/idle.fbx using Guid(bae79fbcd17ef1848bf8515aa4cfb33f) Importer(815301076,1909f56bfc062723c751e8b465ee728b)  -> (artifact id: '9e4d43a850a57d4f1d6f6a9a3975cd91') in 0.003695 seconds 
========================================================================
Received Import Request.
  Time since last request: 18.158620 seconds.
  path: Assets/Animations/jump up.fbx
  artifactKey: Guid(620061d6377b55342af3c50832200328) Importer(815301076,1909f56bfc062723c751e8b465ee728b)
Start importing Assets/Animations/jump up.fbx using Guid(620061d6377b55342af3c50832200328) Importer(815301076,1909f56bfc062723c751e8b465ee728b)  -> (artifact id: 'c95f83d7014880f1c616088984d3d991') in 0.003845 seconds 
========================================================================
Received Import Request.
  Time since last request: 10.568929 seconds.
  path: Assets/Animations/run backward left.fbx
  artifactKey: Guid(05177745722f9b14e9feb325f68c24b6) Importer(815301076,1909f56bfc062723c751e8b465ee728b)
Start importing Assets/Animations/run backward left.fbx using Guid(05177745722f9b14e9feb325f68c24b6) Importer(815301076,1909f56bfc062723c751e8b465ee728b)  -> (artifact id: '87fe7c3bcfb8bf9c0f9200b233a299c5') in 0.003597 seconds 
========================================================================
Received Import Request.
  Time since last request: 9.351758 seconds.
  path: Assets/Animations/run backward right.fbx
  artifactKey: Guid(d09a3f81e647fd34eba1eb0e994d536c) Importer(815301076,1909f56bfc062723c751e8b465ee728b)
Start importing Assets/Animations/run backward right.fbx using Guid(d09a3f81e647fd34eba1eb0e994d536c) Importer(815301076,1909f56bfc062723c751e8b465ee728b)  -> (artifact id: '79ce3c29119c8bfe6f7f094edd6349b2') in 0.003619 seconds 
========================================================================
Received Import Request.
  Time since last request: 8.275015 seconds.
  path: Assets/Animations/run backward.fbx
  artifactKey: Guid(ef46a07a8a435e64eae01870c0ae7567) Importer(815301076,1909f56bfc062723c751e8b465ee728b)
Start importing Assets/Animations/run backward.fbx using Guid(ef46a07a8a435e64eae01870c0ae7567) Importer(815301076,1909f56bfc062723c751e8b465ee728b)  -> (artifact id: '9ffcb9ad148a04da28d0a8859f67e16c') in 0.003458 seconds 
========================================================================
Received Import Request.
  Time since last request: 11.227245 seconds.
  path: Assets/Animations/run backward left.fbx
  artifactKey: Guid(05177745722f9b14e9feb325f68c24b6) Importer(815301076,1909f56bfc062723c751e8b465ee728b)
Start importing Assets/Animations/run backward left.fbx using Guid(05177745722f9b14e9feb325f68c24b6) Importer(815301076,1909f56bfc062723c751e8b465ee728b)  -> (artifact id: '66bec11f4f9d74a2c9dba11c6295a645') in 0.004878 seconds 
========================================================================
Received Import Request.
  Time since last request: 7.765533 seconds.
  path: Assets/Animations/run backward.fbx
  artifactKey: Guid(ef46a07a8a435e64eae01870c0ae7567) Importer(815301076,1909f56bfc062723c751e8b465ee728b)
Start importing Assets/Animations/run backward.fbx using Guid(ef46a07a8a435e64eae01870c0ae7567) Importer(815301076,1909f56bfc062723c751e8b465ee728b)  -> (artifact id: '5828f7d9686d9b4e4d6fc6531ec9aed7') in 0.003995 seconds 
========================================================================
Received Import Request.
  Time since last request: 9.822633 seconds.
  path: Assets/Animations/run forward left.fbx
  artifactKey: Guid(e036c9a860e76214a9481490a43a822b) Importer(815301076,1909f56bfc062723c751e8b465ee728b)
Start importing Assets/Animations/run forward left.fbx using Guid(e036c9a860e76214a9481490a43a822b) Importer(815301076,1909f56bfc062723c751e8b465ee728b)  -> (artifact id: '304a3895c4811fac9e9695cdc137c342') in 0.004183 seconds 
========================================================================
Received Import Request.
  Time since last request: 11.737215 seconds.
  path: Assets/Animations/run forward right.fbx
  artifactKey: Guid(5176b7b73279c124785ce7d1a14f7da4) Importer(815301076,1909f56bfc062723c751e8b465ee728b)
Start importing Assets/Animations/run forward right.fbx using Guid(5176b7b73279c124785ce7d1a14f7da4) Importer(815301076,1909f56bfc062723c751e8b465ee728b)  -> (artifact id: '3f50f50bd0be79e15b03e88cfea22885') in 0.003459 seconds 
========================================================================
Received Import Request.
  Time since last request: 9.085860 seconds.
  path: Assets/Animations/run forward.fbx
  artifactKey: Guid(26d9c236bb34d0d40bf77096d7fe4206) Importer(815301076,1909f56bfc062723c751e8b465ee728b)
Start importing Assets/Animations/run forward.fbx using Guid(26d9c236bb34d0d40bf77096d7fe4206) Importer(815301076,1909f56bfc062723c751e8b465ee728b)  -> (artifact id: 'dc918666bc929254d14d5824909ad508') in 0.008527 seconds 
========================================================================
Received Import Request.
  Time since last request: 8.368939 seconds.
  path: Assets/Animations/run left.fbx
  artifactKey: Guid(078d874992ef9154b9c25cb0d8e979cb) Importer(815301076,1909f56bfc062723c751e8b465ee728b)
Start importing Assets/Animations/run left.fbx using Guid(078d874992ef9154b9c25cb0d8e979cb) Importer(815301076,1909f56bfc062723c751e8b465ee728b)  -> (artifact id: '1b69c3637a458e9ef83470e33c3185c1') in 0.004385 seconds 
========================================================================
Received Import Request.
  Time since last request: 7.359862 seconds.
  path: Assets/Animations/run right.fbx
  artifactKey: Guid(e8662a3f8af05b142a3b134598fec1cc) Importer(815301076,1909f56bfc062723c751e8b465ee728b)
Start importing Assets/Animations/run right.fbx using Guid(e8662a3f8af05b142a3b134598fec1cc) Importer(815301076,1909f56bfc062723c751e8b465ee728b)  -> (artifact id: '71cc92fa9fe961aa63bf6f7cdbf1c4e7') in 0.004415 seconds 
========================================================================
Received Import Request.
  Time since last request: 11.464259 seconds.
  path: Assets/Animations/sprint backward left.fbx
  artifactKey: Guid(0fbe8d53100321044b81e72d9089e4ce) Importer(815301076,1909f56bfc062723c751e8b465ee728b)
Start importing Assets/Animations/sprint backward left.fbx using Guid(0fbe8d53100321044b81e72d9089e4ce) Importer(815301076,1909f56bfc062723c751e8b465ee728b)  -> (artifact id: 'a18fb2d7cb2d81beb69e5f6149522e27') in 0.003511 seconds 
========================================================================
Received Import Request.
  Time since last request: 9.084915 seconds.
  path: Assets/Animations/sprint backward right.fbx
  artifactKey: Guid(250ad39312d3bbf4b9bf9857ecba9871) Importer(815301076,1909f56bfc062723c751e8b465ee728b)
Start importing Assets/Animations/sprint backward right.fbx using Guid(250ad39312d3bbf4b9bf9857ecba9871) Importer(815301076,1909f56bfc062723c751e8b465ee728b)  -> (artifact id: 'b8a111ae05e3b3eae0b5cfb783342e8a') in 0.003794 seconds 
========================================================================
Received Import Request.
  Time since last request: 10.055066 seconds.
  path: Assets/Animations/sprint backward.fbx
  artifactKey: Guid(35762953d4013574cb34a23d4cdde287) Importer(815301076,1909f56bfc062723c751e8b465ee728b)
Start importing Assets/Animations/sprint backward.fbx using Guid(35762953d4013574cb34a23d4cdde287) Importer(815301076,1909f56bfc062723c751e8b465ee728b)  -> (artifact id: 'aea0a5d82eb18c90024e4c98328b1bc9') in 0.003623 seconds 
========================================================================
Received Import Request.
  Time since last request: 10.383472 seconds.
  path: Assets/Animations/sprint forward left.fbx
  artifactKey: Guid(5c912658405cddd4c896aa7ef2dc8f84) Importer(815301076,1909f56bfc062723c751e8b465ee728b)
Start importing Assets/Animations/sprint forward left.fbx using Guid(5c912658405cddd4c896aa7ef2dc8f84) Importer(815301076,1909f56bfc062723c751e8b465ee728b)  -> (artifact id: '38a336e126d818a37e24df249f4c13a3') in 0.003461 seconds 
========================================================================
Received Import Request.
  Time since last request: 11.024124 seconds.
  path: Assets/Animations/sprint forward right.fbx
  artifactKey: Guid(f4790f9076c82c54a90dab39579a4f4e) Importer(815301076,1909f56bfc062723c751e8b465ee728b)
Start importing Assets/Animations/sprint forward right.fbx using Guid(f4790f9076c82c54a90dab39579a4f4e) Importer(815301076,1909f56bfc062723c751e8b465ee728b)  -> (artifact id: '5e00d3b0bbc29bab134cd32330a04a23') in 0.003593 seconds 
========================================================================
Received Import Request.
  Time since last request: 30.917754 seconds.
  path: Assets/Animations/sprint forward.fbx
  artifactKey: Guid(5144eb4c191d18d4ea5c406f58de3342) Importer(815301076,1909f56bfc062723c751e8b465ee728b)
Start importing Assets/Animations/sprint forward.fbx using Guid(5144eb4c191d18d4ea5c406f58de3342) Importer(815301076,1909f56bfc062723c751e8b465ee728b)  -> (artifact id: 'dfb7000f7726c5d1289e13570e99706c') in 0.004108 seconds 
========================================================================
Received Import Request.
  Time since last request: 16.603351 seconds.
  path: Assets/Animations/run forward.fbx
  artifactKey: Guid(26d9c236bb34d0d40bf77096d7fe4206) Importer(815301076,1909f56bfc062723c751e8b465ee728b)
Start importing Assets/Animations/run forward.fbx using Guid(26d9c236bb34d0d40bf77096d7fe4206) Importer(815301076,1909f56bfc062723c751e8b465ee728b)  -> (artifact id: '7c453651015ca29a48ae4d09103d7013') in 0.004199 seconds 
========================================================================
Received Import Request.
  Time since last request: 61.256318 seconds.
  path: Assets/Animations/run backward.fbx
  artifactKey: Guid(ef46a07a8a435e64eae01870c0ae7567) Importer(815301076,1909f56bfc062723c751e8b465ee728b)
Start importing Assets/Animations/run backward.fbx using Guid(ef46a07a8a435e64eae01870c0ae7567) Importer(815301076,1909f56bfc062723c751e8b465ee728b)  -> (artifact id: '66a57c73623b01db42f3d46566ba2129') in 0.004069 seconds 
========================================================================
Received Import Request.
  Time since last request: 80.851084 seconds.
  path: Assets/Animations/run forward.fbx
  artifactKey: Guid(26d9c236bb34d0d40bf77096d7fe4206) Importer(815301076,1909f56bfc062723c751e8b465ee728b)
Start importing Assets/Animations/run forward.fbx using Guid(26d9c236bb34d0d40bf77096d7fe4206) Importer(815301076,1909f56bfc062723c751e8b465ee728b)  -> (artifact id: '6443f3008f0b81e8d3e1d4bdd51cbcdc') in 0.005280 seconds 
========================================================================
Received Import Request.
  Time since last request: 43.716496 seconds.
  path: Assets/Animations/sprint left.fbx
  artifactKey: Guid(3e22d76a38fca3c408f01f36bbd41834) Importer(815301076,1909f56bfc062723c751e8b465ee728b)
Start importing Assets/Animations/sprint left.fbx using Guid(3e22d76a38fca3c408f01f36bbd41834) Importer(815301076,1909f56bfc062723c751e8b465ee728b)  -> (artifact id: 'd6c08552bd312e042635cf852c2ef344') in 0.003777 seconds 
========================================================================
Received Import Request.
  Time since last request: 7.645010 seconds.
  path: Assets/Animations/sprint right.fbx
  artifactKey: Guid(785bab6e06eaf5344a49df6520749f42) Importer(815301076,1909f56bfc062723c751e8b465ee728b)
Start importing Assets/Animations/sprint right.fbx using Guid(785bab6e06eaf5344a49df6520749f42) Importer(815301076,1909f56bfc062723c751e8b465ee728b)  -> (artifact id: '934b76be43d7c2c2ee3dd9cc823964d3') in 0.004080 seconds 
========================================================================
Received Import Request.
  Time since last request: 13.155572 seconds.
  path: Assets/Animations/turn 90 left.fbx
  artifactKey: Guid(3e4c1adfa8a18cf41a7d532a4caa68c9) Importer(815301076,1909f56bfc062723c751e8b465ee728b)
Start importing Assets/Animations/turn 90 left.fbx using Guid(3e4c1adfa8a18cf41a7d532a4caa68c9) Importer(815301076,1909f56bfc062723c751e8b465ee728b)  -> (artifact id: 'b9aaa6469775e98a5a791df70605424e') in 0.003702 seconds 
========================================================================
Received Import Request.
  Time since last request: 10.767997 seconds.
  path: Assets/Animations/turn 90 right.fbx
  artifactKey: Guid(a131b743782dd424890446670523d4e0) Importer(815301076,1909f56bfc062723c751e8b465ee728b)
Start importing Assets/Animations/turn 90 right.fbx using Guid(a131b743782dd424890446670523d4e0) Importer(815301076,1909f56bfc062723c751e8b465ee728b)  -> (artifact id: 'b3de309731fe9e4d541df57026048532') in 0.003877 seconds 
========================================================================
Received Import Request.
  Time since last request: 13.372517 seconds.
  path: Assets/Animations/walk backward left.fbx
  artifactKey: Guid(6831e6b1159089e47a6847313b190986) Importer(815301076,1909f56bfc062723c751e8b465ee728b)
Start importing Assets/Animations/walk backward left.fbx using Guid(6831e6b1159089e47a6847313b190986) Importer(815301076,1909f56bfc062723c751e8b465ee728b)  -> (artifact id: '3c7f1c942fd52ce3a9966aef0b41146f') in 0.004058 seconds 
========================================================================
Received Import Request.
  Time since last request: 11.014347 seconds.
  path: Assets/Animations/walk backward right.fbx
  artifactKey: Guid(698eeea91f7f3b44d995eba1579eb037) Importer(815301076,1909f56bfc062723c751e8b465ee728b)
Start importing Assets/Animations/walk backward right.fbx using Guid(698eeea91f7f3b44d995eba1579eb037) Importer(815301076,1909f56bfc062723c751e8b465ee728b)  -> (artifact id: '5864cebda32d1ed2e3b5272e76c80a48') in 0.003835 seconds 
========================================================================
Received Import Request.
  Time since last request: 7.630550 seconds.
  path: Assets/Animations/walk backward.fbx
  artifactKey: Guid(444b395990358b14abd6cf9ede8738c5) Importer(815301076,1909f56bfc062723c751e8b465ee728b)
Start importing Assets/Animations/walk backward.fbx using Guid(444b395990358b14abd6cf9ede8738c5) Importer(815301076,1909f56bfc062723c751e8b465ee728b)  -> (artifact id: 'c58ee25df294db0ebcb8aa47bc5904e1') in 0.003835 seconds 
========================================================================
Received Import Request.
  Time since last request: 12.330381 seconds.
  path: Assets/Animations/walk crouching backward left.fbx
  artifactKey: Guid(a759302760dcd0b478f1cca3f4faad02) Importer(815301076,1909f56bfc062723c751e8b465ee728b)
Start importing Assets/Animations/walk crouching backward left.fbx using Guid(a759302760dcd0b478f1cca3f4faad02) Importer(815301076,1909f56bfc062723c751e8b465ee728b)  -> (artifact id: '8b189ddc88664798a0afdd66bcb86293') in 0.004331 seconds 
========================================================================
Received Import Request.
  Time since last request: 14.833145 seconds.
  path: Assets/Animations/walk crouching backward right.fbx
  artifactKey: Guid(741b2ae2df48fbc40aaa562778b6a957) Importer(815301076,1909f56bfc062723c751e8b465ee728b)
Start importing Assets/Animations/walk crouching backward right.fbx using Guid(741b2ae2df48fbc40aaa562778b6a957) Importer(815301076,1909f56bfc062723c751e8b465ee728b)  -> (artifact id: '3c702d6de78151f01ec5cd17f4ff7f86') in 0.004564 seconds 
========================================================================
Received Import Request.
  Time since last request: 10.050385 seconds.
  path: Assets/Animations/walk crouching backward.fbx
  artifactKey: Guid(00c85830193ce0d4a819c06a32f2cf7a) Importer(815301076,1909f56bfc062723c751e8b465ee728b)
Start importing Assets/Animations/walk crouching backward.fbx using Guid(00c85830193ce0d4a819c06a32f2cf7a) Importer(815301076,1909f56bfc062723c751e8b465ee728b)  -> (artifact id: '71df64601dd3c33dbd48040c30c8f0f9') in 0.003505 seconds 
========================================================================
Received Import Request.
  Time since last request: 10.722616 seconds.
  path: Assets/Animations/walk crouching forward left.fbx
  artifactKey: Guid(5bc1d4f5d56a1e44bb13cf63715583b4) Importer(815301076,1909f56bfc062723c751e8b465ee728b)
Start importing Assets/Animations/walk crouching forward left.fbx using Guid(5bc1d4f5d56a1e44bb13cf63715583b4) Importer(815301076,1909f56bfc062723c751e8b465ee728b)  -> (artifact id: '7f4f0eff4076e15c951595c3e61b9f85') in 0.003534 seconds 
========================================================================
Received Import Request.
  Time since last request: 10.566637 seconds.
  path: Assets/Animations/walk crouching forward right.fbx
  artifactKey: Guid(ca9eca2301fc2c74590aa546153648be) Importer(815301076,1909f56bfc062723c751e8b465ee728b)
Start importing Assets/Animations/walk crouching forward right.fbx using Guid(ca9eca2301fc2c74590aa546153648be) Importer(815301076,1909f56bfc062723c751e8b465ee728b)  -> (artifact id: '470badf3dc840b07909db7af37ebf58b') in 0.003598 seconds 
========================================================================
Received Import Request.
  Time since last request: 11.183062 seconds.
  path: Assets/Animations/walk crouching forward.fbx
  artifactKey: Guid(7073380b4771c7e49b5ca4b131af8ace) Importer(815301076,1909f56bfc062723c751e8b465ee728b)
Start importing Assets/Animations/walk crouching forward.fbx using Guid(7073380b4771c7e49b5ca4b131af8ace) Importer(815301076,1909f56bfc062723c751e8b465ee728b)  -> (artifact id: 'e13287b6f102b10b1adcc79d618a488c') in 0.004155 seconds 
========================================================================
Received Import Request.
  Time since last request: 12.658280 seconds.
  path: Assets/Animations/walk crouching left.fbx
  artifactKey: Guid(7cbc8861944526f418b6ef7d07527564) Importer(815301076,1909f56bfc062723c751e8b465ee728b)
Start importing Assets/Animations/walk crouching left.fbx using Guid(7cbc8861944526f418b6ef7d07527564) Importer(815301076,1909f56bfc062723c751e8b465ee728b)  -> (artifact id: '083475123c435a6319b6c6146a11e8b1') in 0.003987 seconds 
========================================================================
Received Import Request.
  Time since last request: 12.637667 seconds.
  path: Assets/Animations/walk crouching forward left.fbx
  artifactKey: Guid(5bc1d4f5d56a1e44bb13cf63715583b4) Importer(815301076,1909f56bfc062723c751e8b465ee728b)
Start importing Assets/Animations/walk crouching forward left.fbx using Guid(5bc1d4f5d56a1e44bb13cf63715583b4) Importer(815301076,1909f56bfc062723c751e8b465ee728b)  -> (artifact id: '11e28c3ccf49df87b866dd9e1f1e13fe') in 0.003525 seconds 
========================================================================
Received Import Request.
  Time since last request: 11.138805 seconds.
  path: Assets/Animations/walk crouching right.fbx
  artifactKey: Guid(d3ae4cad016c60c4b8a158e3e9d84247) Importer(815301076,1909f56bfc062723c751e8b465ee728b)
Start importing Assets/Animations/walk crouching right.fbx using Guid(d3ae4cad016c60c4b8a158e3e9d84247) Importer(815301076,1909f56bfc062723c751e8b465ee728b)  -> (artifact id: '7440ecc6b00a2c23fd304d1d69e15426') in 0.003537 seconds 
========================================================================
Received Import Request.
  Time since last request: 10.105476 seconds.
  path: Assets/Animations/walk forward left.fbx
  artifactKey: Guid(b3170f85f37be3a46afd3699bfba4ab0) Importer(815301076,1909f56bfc062723c751e8b465ee728b)
Start importing Assets/Animations/walk forward left.fbx using Guid(b3170f85f37be3a46afd3699bfba4ab0) Importer(815301076,1909f56bfc062723c751e8b465ee728b)  -> (artifact id: 'e06e58fe6838afd7e0d04058c234cbbe') in 0.004127 seconds 
========================================================================
Received Import Request.
  Time since last request: 7.838482 seconds.
  path: Assets/Animations/walk forward right.fbx
  artifactKey: Guid(9b6136e54cc2c4c4ebe00f240b1c7533) Importer(815301076,1909f56bfc062723c751e8b465ee728b)
Start importing Assets/Animations/walk forward right.fbx using Guid(9b6136e54cc2c4c4ebe00f240b1c7533) Importer(815301076,1909f56bfc062723c751e8b465ee728b)  -> (artifact id: 'e3995ceab895b74a9b7e5de6fc0cf1d2') in 0.004295 seconds 
========================================================================
Received Import Request.
  Time since last request: 7.731512 seconds.
  path: Assets/Animations/walk forward.fbx
  artifactKey: Guid(4c7ff1e0585bba44581b5875a04cfa65) Importer(815301076,1909f56bfc062723c751e8b465ee728b)
Start importing Assets/Animations/walk forward.fbx using Guid(4c7ff1e0585bba44581b5875a04cfa65) Importer(815301076,1909f56bfc062723c751e8b465ee728b)  -> (artifact id: '2a489b8913de0725fe9a44381b775e0e') in 0.004429 seconds 
========================================================================
Received Import Request.
  Time since last request: 10.956889 seconds.
  path: Assets/Animations/walk left.fbx
  artifactKey: Guid(66bbf0ff2a2b9cd4691140e4f07bdcba) Importer(815301076,1909f56bfc062723c751e8b465ee728b)
Start importing Assets/Animations/walk left.fbx using Guid(66bbf0ff2a2b9cd4691140e4f07bdcba) Importer(815301076,1909f56bfc062723c751e8b465ee728b)  -> (artifact id: 'a69c6bb04b08679412f7f2cae6f066b7') in 0.003527 seconds 
========================================================================
Received Import Request.
  Time since last request: 6.716577 seconds.
  path: Assets/Animations/walk right.fbx
  artifactKey: Guid(306ce37b51789794a9ea47a30e943f73) Importer(815301076,1909f56bfc062723c751e8b465ee728b)
Start importing Assets/Animations/walk right.fbx using Guid(306ce37b51789794a9ea47a30e943f73) Importer(815301076,1909f56bfc062723c751e8b465ee728b)  -> (artifact id: 'fbaa65931cf72b3bac4d6d61580583d1') in 0.003779 seconds 
========================================================================
Received Import Request.
  Time since last request: 65.135912 seconds.
  path: Assets/Animations/CharacterAnim.controller
  artifactKey: Guid(7d4c4274ef6aa4c4e87098411a9c4633) Importer(815301076,1909f56bfc062723c751e8b465ee728b)
Start importing Assets/Animations/CharacterAnim.controller using Guid(7d4c4274ef6aa4c4e87098411a9c4633) Importer(815301076,1909f56bfc062723c751e8b465ee728b)  -> (artifact id: '2e8665764dabfdc7dc50e2a75943b3d5') in 0.009581 seconds 
