Using pre-set license
Built from '2021.3/staging' branch; Version is '2021.3.21f1 (1b156197d683) revision 1774945'; Using compiler version '192829333'; Build Type 'Release'
OS: 'Windows 11  (10.0.22631) 64bit Core' Language: 'en' Physical Memory: 65303 MB
BatchMode: 1, IsHumanControllingUs: 0, StartBugReporterOnCrash: 0, Is64bit: 1, IsPro: 1

COMMAND LINE ARGUMENTS:
C:\Program Files\Unity\Hub\Editor\2021.3.21f1\Editor\Unity.exe
-adb2
-batchMode
-noUpm
-name
AssetImportWorker0
-projectPath
C:/Users/Jess Bayer/Desktop/College/7th Semester/Game Engines/GPE340/GPE340-ProgForEngines/GPE340
-logFile
Logs/AssetImportWorker0.log
-srvPort
54219
Successfully changed project path to: C:/Users/Jess Bayer/Desktop/College/7th Semester/Game Engines/GPE340/GPE340-ProgForEngines/GPE340
C:/Users/Jess Bayer/Desktop/College/7th Semester/Game Engines/GPE340/GPE340-ProgForEngines/GPE340
[UnityMemory] Configuration Parameters - Can be set up in boot.config
    "memorysetup-bucket-allocator-granularity=16"
    "memorysetup-bucket-allocator-bucket-count=8"
    "memorysetup-bucket-allocator-block-size=33554432"
    "memorysetup-bucket-allocator-block-count=8"
    "memorysetup-main-allocator-block-size=16777216"
    "memorysetup-thread-allocator-block-size=16777216"
    "memorysetup-gfx-main-allocator-block-size=16777216"
    "memorysetup-gfx-thread-allocator-block-size=16777216"
    "memorysetup-cache-allocator-block-size=4194304"
    "memorysetup-typetree-allocator-block-size=2097152"
    "memorysetup-profiler-bucket-allocator-granularity=16"
    "memorysetup-profiler-bucket-allocator-bucket-count=8"
    "memorysetup-profiler-bucket-allocator-block-size=33554432"
    "memorysetup-profiler-bucket-allocator-block-count=8"
    "memorysetup-profiler-allocator-block-size=16777216"
    "memorysetup-profiler-editor-allocator-block-size=1048576"
    "memorysetup-temp-allocator-size-main=16777216"
    "memorysetup-job-temp-allocator-block-size=2097152"
    "memorysetup-job-temp-allocator-block-size-background=1048576"
    "memorysetup-job-temp-allocator-reduction-small-platforms=262144"
    "memorysetup-temp-allocator-size-background-worker=32768"
    "memorysetup-temp-allocator-size-job-worker=262144"
    "memorysetup-temp-allocator-size-preload-manager=33554432"
    "memorysetup-temp-allocator-size-nav-mesh-worker=65536"
    "memorysetup-temp-allocator-size-audio-worker=65536"
    "memorysetup-temp-allocator-size-cloud-worker=32768"
    "memorysetup-temp-allocator-size-gi-baking-worker=262144"
    "memorysetup-temp-allocator-size-gfx=262144"
Player connection [7188] Host "[IP] 172.17.3.254 [Port] 0 [Flags] 2 [Guid] 1086090816 [EditorId] 1086090816 [Version] 1048832 [Id] WindowsEditor(7,DESKTOP-4N5TNEQ) [Debug] 1 [PackageName] WindowsEditor [ProjectName] Editor" joined multi-casting on [225.0.0.222:54997]...

Player connection [7188] Host "[IP] 172.17.3.254 [Port] 0 [Flags] 2 [Guid] 1086090816 [EditorId] 1086090816 [Version] 1048832 [Id] WindowsEditor(7,DESKTOP-4N5TNEQ) [Debug] 1 [PackageName] WindowsEditor [ProjectName] Editor" joined alternative multi-casting on [225.0.0.222:34997]...

Refreshing native plugins compatible for Editor in 45.00 ms, found 3 plugins.
Preloading 0 native plugins for Editor in 0.00 ms.
Initialize engine version: 2021.3.21f1 (1b156197d683)
[Subsystems] Discovering subsystems at path C:/Program Files/Unity/Hub/Editor/2021.3.21f1/Editor/Data/Resources/UnitySubsystems
[Subsystems] Discovering subsystems at path C:/Users/Jess Bayer/Desktop/College/7th Semester/Game Engines/GPE340/GPE340-ProgForEngines/GPE340/Assets
GfxDevice: creating device client; threaded=0; jobified=0
Direct3D:
    Version:  Direct3D 11.0 [level 11.1]
    Renderer: AMD Radeon RX 6650 XT (ID=0x73ef)
    Vendor:   ATI
    VRAM:     8147 MB
    Driver:   31.0.24033.1003
Initialize mono
Mono path[0] = 'C:/Program Files/Unity/Hub/Editor/2021.3.21f1/Editor/Data/Managed'
Mono path[1] = 'C:/Program Files/Unity/Hub/Editor/2021.3.21f1/Editor/Data/MonoBleedingEdge/lib/mono/unityjit-win32'
Mono config path = 'C:/Program Files/Unity/Hub/Editor/2021.3.21f1/Editor/Data/MonoBleedingEdge/etc'
Using monoOptions --debugger-agent=transport=dt_socket,embedding=1,server=y,suspend=n,address=127.0.0.1:56968
Begin MonoManager ReloadAssembly
Registering precompiled unity dll's ...
Register platform support module: C:/Program Files/Unity/Hub/Editor/2021.3.21f1/Editor/Data/PlaybackEngines/WindowsStandaloneSupport/UnityEditor.WindowsStandalone.Extensions.dll
Registered in 0.004162 seconds.
Native extension for WindowsStandalone target not found
Refreshing native plugins compatible for Editor in 44.83 ms, found 3 plugins.
Preloading 0 native plugins for Editor in 0.00 ms.
Mono: successfully reloaded assembly
- Completed reload, in  0.417 seconds
Domain Reload Profiling:
	ReloadAssembly (418ms)
		BeginReloadAssembly (57ms)
			ExecutionOrderSort (0ms)
			DisableScriptedObjects (0ms)
			BackupInstance (0ms)
			ReleaseScriptingObjects (0ms)
			CreateAndSetChildDomain (0ms)
		EndReloadAssembly (291ms)
			LoadAssemblies (54ms)
			RebuildTransferFunctionScriptingTraits (0ms)
			SetupTypeCache (73ms)
			ReleaseScriptCaches (0ms)
			RebuildScriptCaches (18ms)
			SetupLoadedEditorAssemblies (165ms)
				LogAssemblyErrors (0ms)
				InitializePlatformSupportModulesInManaged (6ms)
				SetLoadedEditorAssemblies (0ms)
				RefreshPlugins (45ms)
				BeforeProcessingInitializeOnLoad (1ms)
				ProcessInitializeOnLoadAttributes (83ms)
				ProcessInitializeOnLoadMethodAttributes (31ms)
				AfterProcessingInitializeOnLoad (0ms)
				EditorAssembliesLoaded (0ms)
			ExecutionOrderSort2 (0ms)
			AwakeInstancesAfterBackupRestoration (0ms)
Platform modules already initialized, skipping
Registering precompiled user dll's ...
Registered in 0.003402 seconds.
Begin MonoManager ReloadAssembly
Symbol file LoadedFromMemory doesn't match image C:\Users\Jess Bayer\Desktop\College\7th Semester\Game Engines\GPE340\GPE340-ProgForEngines\GPE340\Library\PackageCache\com.unity.visualscripting@1.8.0\Editor\VisualScripting.Core\Dependencies\YamlDotNet\Unity.VisualScripting.YamlDotNet.dll
Symbol file LoadedFromMemory doesn't match image C:\Users\Jess Bayer\Desktop\College\7th Semester\Game Engines\GPE340\GPE340-ProgForEngines\GPE340\Library\PackageCache\com.unity.visualscripting@1.8.0\Editor\VisualScripting.Core\Dependencies\DotNetZip\Unity.VisualScripting.IonicZip.dll
Native extension for WindowsStandalone target not found
Refreshing native plugins compatible for Editor in 0.37 ms, found 3 plugins.
Preloading 0 native plugins for Editor in 0.00 ms.
Mono: successfully reloaded assembly
- Completed reload, in  0.689 seconds
Domain Reload Profiling:
	ReloadAssembly (690ms)
		BeginReloadAssembly (80ms)
			ExecutionOrderSort (0ms)
			DisableScriptedObjects (3ms)
			BackupInstance (0ms)
			ReleaseScriptingObjects (0ms)
			CreateAndSetChildDomain (14ms)
		EndReloadAssembly (539ms)
			LoadAssemblies (60ms)
			RebuildTransferFunctionScriptingTraits (0ms)
			SetupTypeCache (190ms)
			ReleaseScriptCaches (0ms)
			RebuildScriptCaches (37ms)
			SetupLoadedEditorAssemblies (233ms)
				LogAssemblyErrors (0ms)
				InitializePlatformSupportModulesInManaged (4ms)
				SetLoadedEditorAssemblies (0ms)
				RefreshPlugins (0ms)
				BeforeProcessingInitializeOnLoad (54ms)
				ProcessInitializeOnLoadAttributes (155ms)
				ProcessInitializeOnLoadMethodAttributes (14ms)
				AfterProcessingInitializeOnLoad (7ms)
				EditorAssembliesLoaded (0ms)
			ExecutionOrderSort2 (0ms)
			AwakeInstancesAfterBackupRestoration (4ms)
Platform modules already initialized, skipping
========================================================================
Worker process is ready to serve import requests
Launched and connected shader compiler UnityShaderCompiler.exe after 0.03 seconds
Refreshing native plugins compatible for Editor in 0.41 ms, found 3 plugins.
Preloading 0 native plugins for Editor in 0.00 ms.
Unloading 3047 Unused Serialized files (Serialized files now loaded: 0)
Unloading 22 unused Assets / (56.1 KB). Loaded Objects now: 3509.
Memory consumption went from 108.4 MB to 108.3 MB.
Total: 1.988000 ms (FindLiveObjects: 0.241000 ms CreateObjectMapping: 0.069400 ms MarkObjects: 1.610700 ms  DeleteObjects: 0.066300 ms)

AssetImportParameters requested are different than current active one (requested -> active):
  custom:video-decoder-ogg-theora: a1e56fd34408186e4bbccfd4996cb3dc -> 
  custom:container-muxer-webm: aa71ff27fc2769a1b78a27578f13a17b -> 
  custom:container-demuxer-webm: 4f35f7cbe854078d1ac9338744f61a02 -> 
  custom:video-encoder-webm-vp8: eb34c28f22e8b96e1ab97ce403110664 -> 
  custom:video-codec-MediaFoundation-h265: 746d11721c4dcdbdad8f713fa42b33f4 -> 
  custom:audio-encoder-webm-vorbis: bf7c407c2cedff20999df2af8eb42d56 -> 
  custom:framework-win-MediaFoundation: 216162199b28c13a410421893ffa2e32 -> 
  custom:container-demuxer-ogg: 62fdf1f143b41e24485cea50d1cbac27 -> 
  custom:video-decoder-webm-vp8: 9c59270c3fd7afecdb556c50c9e8de78 -> 
  custom:audio-decoder-ogg-vorbis: bf7c407c2cedff20999df2af8eb42d56 -> 
========================================================================
Received Import Request.
  Time since last request: 23245.288815 seconds.
  path: Assets/Animations/idle aiming.fbx
  artifactKey: Guid(e8cdcac6b62eb534eb3ef0e64b101305) Importer(815301076,1909f56bfc062723c751e8b465ee728b)
Start importing Assets/Animations/idle aiming.fbx using Guid(e8cdcac6b62eb534eb3ef0e64b101305) Importer(815301076,1909f56bfc062723c751e8b465ee728b)  -> (artifact id: '19573d9a74ea2551220c5d91ea379ebb') in 0.039849 seconds 
========================================================================
Received Import Request.
  Time since last request: 0.000018 seconds.
  path: Assets/Animations/jump down.fbx
  artifactKey: Guid(09538ce9f624a5e4e86c171246c92468) Importer(815301076,1909f56bfc062723c751e8b465ee728b)
Start importing Assets/Animations/jump down.fbx using Guid(09538ce9f624a5e4e86c171246c92468) Importer(815301076,1909f56bfc062723c751e8b465ee728b)  -> (artifact id: '88cf8bf6b84fd262071681e0c94de76d') in 0.009681 seconds 
========================================================================
Received Import Request.
  Time since last request: 0.000018 seconds.
  path: Assets/Animations/walk forward right.fbx
  artifactKey: Guid(9b6136e54cc2c4c4ebe00f240b1c7533) Importer(815301076,1909f56bfc062723c751e8b465ee728b)
Start importing Assets/Animations/walk forward right.fbx using Guid(9b6136e54cc2c4c4ebe00f240b1c7533) Importer(815301076,1909f56bfc062723c751e8b465ee728b)  -> (artifact id: '9d837084461c3622f4621813f565e073') in 0.009843 seconds 
========================================================================
Received Import Request.
  Time since last request: 0.000016 seconds.
  path: Assets/Animations/sprint right.fbx
  artifactKey: Guid(785bab6e06eaf5344a49df6520749f42) Importer(815301076,1909f56bfc062723c751e8b465ee728b)
Start importing Assets/Animations/sprint right.fbx using Guid(785bab6e06eaf5344a49df6520749f42) Importer(815301076,1909f56bfc062723c751e8b465ee728b)  -> (artifact id: 'cbac2f2fceb751f93e11c6be7cb73187') in 0.009931 seconds 
========================================================================
Received Import Request.
  Time since last request: 0.000017 seconds.
  path: Assets/Animations/walk backward left.fbx
  artifactKey: Guid(6831e6b1159089e47a6847313b190986) Importer(815301076,1909f56bfc062723c751e8b465ee728b)
Start importing Assets/Animations/walk backward left.fbx using Guid(6831e6b1159089e47a6847313b190986) Importer(815301076,1909f56bfc062723c751e8b465ee728b)  -> (artifact id: 'ef6d113a31993832048dcb508e29ff38') in 0.010196 seconds 
========================================================================
Received Import Request.
  Time since last request: 0.000028 seconds.
  path: Assets/Animations/walk forward left.fbx
  artifactKey: Guid(b3170f85f37be3a46afd3699bfba4ab0) Importer(815301076,1909f56bfc062723c751e8b465ee728b)
Start importing Assets/Animations/walk forward left.fbx using Guid(b3170f85f37be3a46afd3699bfba4ab0) Importer(815301076,1909f56bfc062723c751e8b465ee728b)  -> (artifact id: '5c41b5bb3ea3043c3da1fc0db63400b5') in 0.009929 seconds 
========================================================================
Received Import Request.
  Time since last request: 0.000017 seconds.
  path: Assets/Animations/turn 90 left.fbx
  artifactKey: Guid(3e4c1adfa8a18cf41a7d532a4caa68c9) Importer(815301076,1909f56bfc062723c751e8b465ee728b)
Start importing Assets/Animations/turn 90 left.fbx using Guid(3e4c1adfa8a18cf41a7d532a4caa68c9) Importer(815301076,1909f56bfc062723c751e8b465ee728b)  -> (artifact id: '2c4a7abe8ac96c4a377b2e012e37658d') in 0.009912 seconds 
========================================================================
Received Import Request.
  Time since last request: 0.000018 seconds.
  path: Assets/Animations/walk left.fbx
  artifactKey: Guid(66bbf0ff2a2b9cd4691140e4f07bdcba) Importer(815301076,1909f56bfc062723c751e8b465ee728b)
Start importing Assets/Animations/walk left.fbx using Guid(66bbf0ff2a2b9cd4691140e4f07bdcba) Importer(815301076,1909f56bfc062723c751e8b465ee728b)  -> (artifact id: 'e0dd7cb46099320f4fee4a6091cb1dce') in 0.009593 seconds 
========================================================================
Received Import Request.
  Time since last request: 0.000016 seconds.
  path: Assets/Animations/jump up.fbx
  artifactKey: Guid(620061d6377b55342af3c50832200328) Importer(815301076,1909f56bfc062723c751e8b465ee728b)
Start importing Assets/Animations/jump up.fbx using Guid(620061d6377b55342af3c50832200328) Importer(815301076,1909f56bfc062723c751e8b465ee728b)  -> (artifact id: 'eae948924550591e7beed753433ec4f2') in 0.009572 seconds 
Editor requested this worker to shutdown with reason: Scaling down because of idle timeout
AssetImportWorker is now disconnected from the server
Process exiting
Exiting without the bug reporter. Application will terminate with return code 0