Using pre-set license
Built from '2021.3/staging' branch; Version is '2021.3.21f1 (1b156197d683) revision 1774945'; Using compiler version '192829333'; Build Type 'Release'
OS: 'Windows 11  (10.0.22631) 64bit Core' Language: 'en' Physical Memory: 65303 MB
BatchMode: 1, IsHumanControllingUs: 0, StartBugReporterOnCrash: 0, Is64bit: 1, IsPro: 1

COMMAND LINE ARGUMENTS:
C:\Program Files\Unity\Hub\Editor\2021.3.21f1\Editor\Unity.exe
-adb2
-batchMode
-noUpm
-name
AssetImportWorker1
-projectPath
C:/Users/Jess Bayer/Desktop/College/7th Semester/Game Engines/GPE340/GPE340-ProgForEngines/GPE340
-logFile
Logs/AssetImportWorker1.log
-srvPort
54219
Successfully changed project path to: C:/Users/Jess Bayer/Desktop/College/7th Semester/Game Engines/GPE340/GPE340-ProgForEngines/GPE340
C:/Users/Jess Bayer/Desktop/College/7th Semester/Game Engines/GPE340/GPE340-ProgForEngines/GPE340
[UnityMemory] Configuration Parameters - Can be set up in boot.config
    "memorysetup-bucket-allocator-granularity=16"
    "memorysetup-bucket-allocator-bucket-count=8"
    "memorysetup-bucket-allocator-block-size=33554432"
    "memorysetup-bucket-allocator-block-count=8"
    "memorysetup-main-allocator-block-size=16777216"
    "memorysetup-thread-allocator-block-size=16777216"
    "memorysetup-gfx-main-allocator-block-size=16777216"
    "memorysetup-gfx-thread-allocator-block-size=16777216"
    "memorysetup-cache-allocator-block-size=4194304"
    "memorysetup-typetree-allocator-block-size=2097152"
    "memorysetup-profiler-bucket-allocator-granularity=16"
    "memorysetup-profiler-bucket-allocator-bucket-count=8"
    "memorysetup-profiler-bucket-allocator-block-size=33554432"
    "memorysetup-profiler-bucket-allocator-block-count=8"
    "memorysetup-profiler-allocator-block-size=16777216"
    "memorysetup-profiler-editor-allocator-block-size=1048576"
    "memorysetup-temp-allocator-size-main=16777216"
    "memorysetup-job-temp-allocator-block-size=2097152"
    "memorysetup-job-temp-allocator-block-size-background=1048576"
    "memorysetup-job-temp-allocator-reduction-small-platforms=262144"
    "memorysetup-temp-allocator-size-background-worker=32768"
    "memorysetup-temp-allocator-size-job-worker=262144"
    "memorysetup-temp-allocator-size-preload-manager=33554432"
    "memorysetup-temp-allocator-size-nav-mesh-worker=65536"
    "memorysetup-temp-allocator-size-audio-worker=65536"
    "memorysetup-temp-allocator-size-cloud-worker=32768"
    "memorysetup-temp-allocator-size-gi-baking-worker=262144"
    "memorysetup-temp-allocator-size-gfx=262144"
Player connection [27184] Host "[IP] 172.17.3.254 [Port] 0 [Flags] 2 [Guid] 287055660 [EditorId] 287055660 [Version] 1048832 [Id] WindowsEditor(7,DESKTOP-4N5TNEQ) [Debug] 1 [PackageName] WindowsEditor [ProjectName] Editor" joined multi-casting on [225.0.0.222:54997]...

Player connection [27184] Host "[IP] 172.17.3.254 [Port] 0 [Flags] 2 [Guid] 287055660 [EditorId] 287055660 [Version] 1048832 [Id] WindowsEditor(7,DESKTOP-4N5TNEQ) [Debug] 1 [PackageName] WindowsEditor [ProjectName] Editor" joined alternative multi-casting on [225.0.0.222:34997]...

Refreshing native plugins compatible for Editor in 45.70 ms, found 3 plugins.
Preloading 0 native plugins for Editor in 0.00 ms.
Initialize engine version: 2021.3.21f1 (1b156197d683)
[Subsystems] Discovering subsystems at path C:/Program Files/Unity/Hub/Editor/2021.3.21f1/Editor/Data/Resources/UnitySubsystems
[Subsystems] Discovering subsystems at path C:/Users/Jess Bayer/Desktop/College/7th Semester/Game Engines/GPE340/GPE340-ProgForEngines/GPE340/Assets
GfxDevice: creating device client; threaded=0; jobified=0
Direct3D:
    Version:  Direct3D 11.0 [level 11.1]
    Renderer: AMD Radeon RX 6650 XT (ID=0x73ef)
    Vendor:   ATI
    VRAM:     8147 MB
    Driver:   31.0.24033.1003
Initialize mono
Mono path[0] = 'C:/Program Files/Unity/Hub/Editor/2021.3.21f1/Editor/Data/Managed'
Mono path[1] = 'C:/Program Files/Unity/Hub/Editor/2021.3.21f1/Editor/Data/MonoBleedingEdge/lib/mono/unityjit-win32'
Mono config path = 'C:/Program Files/Unity/Hub/Editor/2021.3.21f1/Editor/Data/MonoBleedingEdge/etc'
Using monoOptions --debugger-agent=transport=dt_socket,embedding=1,server=y,suspend=n,address=127.0.0.1:56048
Begin MonoManager ReloadAssembly
Registering precompiled unity dll's ...
Register platform support module: C:/Program Files/Unity/Hub/Editor/2021.3.21f1/Editor/Data/PlaybackEngines/WindowsStandaloneSupport/UnityEditor.WindowsStandalone.Extensions.dll
Registered in 0.004043 seconds.
Native extension for WindowsStandalone target not found
Refreshing native plugins compatible for Editor in 45.72 ms, found 3 plugins.
Preloading 0 native plugins for Editor in 0.00 ms.
Mono: successfully reloaded assembly
- Completed reload, in  0.413 seconds
Domain Reload Profiling:
	ReloadAssembly (413ms)
		BeginReloadAssembly (58ms)
			ExecutionOrderSort (0ms)
			DisableScriptedObjects (0ms)
			BackupInstance (0ms)
			ReleaseScriptingObjects (0ms)
			CreateAndSetChildDomain (0ms)
		EndReloadAssembly (289ms)
			LoadAssemblies (57ms)
			RebuildTransferFunctionScriptingTraits (0ms)
			SetupTypeCache (70ms)
			ReleaseScriptCaches (0ms)
			RebuildScriptCaches (17ms)
			SetupLoadedEditorAssemblies (169ms)
				LogAssemblyErrors (0ms)
				InitializePlatformSupportModulesInManaged (5ms)
				SetLoadedEditorAssemblies (0ms)
				RefreshPlugins (46ms)
				BeforeProcessingInitializeOnLoad (1ms)
				ProcessInitializeOnLoadAttributes (86ms)
				ProcessInitializeOnLoadMethodAttributes (32ms)
				AfterProcessingInitializeOnLoad (0ms)
				EditorAssembliesLoaded (0ms)
			ExecutionOrderSort2 (0ms)
			AwakeInstancesAfterBackupRestoration (0ms)
Platform modules already initialized, skipping
Registering precompiled user dll's ...
Registered in 0.003373 seconds.
Begin MonoManager ReloadAssembly
Symbol file LoadedFromMemory doesn't match image C:\Users\Jess Bayer\Desktop\College\7th Semester\Game Engines\GPE340\GPE340-ProgForEngines\GPE340\Library\PackageCache\com.unity.visualscripting@1.8.0\Editor\VisualScripting.Core\Dependencies\YamlDotNet\Unity.VisualScripting.YamlDotNet.dll
Symbol file LoadedFromMemory doesn't match image C:\Users\Jess Bayer\Desktop\College\7th Semester\Game Engines\GPE340\GPE340-ProgForEngines\GPE340\Library\PackageCache\com.unity.visualscripting@1.8.0\Editor\VisualScripting.Core\Dependencies\DotNetZip\Unity.VisualScripting.IonicZip.dll
Native extension for WindowsStandalone target not found
Refreshing native plugins compatible for Editor in 0.51 ms, found 3 plugins.
Preloading 0 native plugins for Editor in 0.00 ms.
Mono: successfully reloaded assembly
- Completed reload, in  0.692 seconds
Domain Reload Profiling:
	ReloadAssembly (693ms)
		BeginReloadAssembly (81ms)
			ExecutionOrderSort (0ms)
			DisableScriptedObjects (3ms)
			BackupInstance (0ms)
			ReleaseScriptingObjects (0ms)
			CreateAndSetChildDomain (14ms)
		EndReloadAssembly (539ms)
			LoadAssemblies (60ms)
			RebuildTransferFunctionScriptingTraits (0ms)
			SetupTypeCache (191ms)
			ReleaseScriptCaches (0ms)
			RebuildScriptCaches (36ms)
			SetupLoadedEditorAssemblies (229ms)
				LogAssemblyErrors (0ms)
				InitializePlatformSupportModulesInManaged (4ms)
				SetLoadedEditorAssemblies (0ms)
				RefreshPlugins (1ms)
				BeforeProcessingInitializeOnLoad (54ms)
				ProcessInitializeOnLoadAttributes (154ms)
				ProcessInitializeOnLoadMethodAttributes (12ms)
				AfterProcessingInitializeOnLoad (4ms)
				EditorAssembliesLoaded (0ms)
			ExecutionOrderSort2 (0ms)
			AwakeInstancesAfterBackupRestoration (5ms)
Platform modules already initialized, skipping
========================================================================
Worker process is ready to serve import requests
Launched and connected shader compiler UnityShaderCompiler.exe after 0.03 seconds
Refreshing native plugins compatible for Editor in 0.37 ms, found 3 plugins.
Preloading 0 native plugins for Editor in 0.00 ms.
Unloading 3047 Unused Serialized files (Serialized files now loaded: 0)
Unloading 22 unused Assets / (56.1 KB). Loaded Objects now: 3509.
Memory consumption went from 108.4 MB to 108.4 MB.
Total: 1.995600 ms (FindLiveObjects: 0.160100 ms CreateObjectMapping: 0.072000 ms MarkObjects: 1.712100 ms  DeleteObjects: 0.050700 ms)

AssetImportParameters requested are different than current active one (requested -> active):
  custom:video-decoder-ogg-theora: a1e56fd34408186e4bbccfd4996cb3dc -> 
  custom:container-muxer-webm: aa71ff27fc2769a1b78a27578f13a17b -> 
  custom:container-demuxer-webm: 4f35f7cbe854078d1ac9338744f61a02 -> 
  custom:video-encoder-webm-vp8: eb34c28f22e8b96e1ab97ce403110664 -> 
  custom:video-codec-MediaFoundation-h265: 746d11721c4dcdbdad8f713fa42b33f4 -> 
  custom:audio-encoder-webm-vorbis: bf7c407c2cedff20999df2af8eb42d56 -> 
  custom:framework-win-MediaFoundation: 216162199b28c13a410421893ffa2e32 -> 
  custom:container-demuxer-ogg: 62fdf1f143b41e24485cea50d1cbac27 -> 
  custom:video-decoder-webm-vp8: 9c59270c3fd7afecdb556c50c9e8de78 -> 
  custom:audio-decoder-ogg-vorbis: bf7c407c2cedff20999df2af8eb42d56 -> 
========================================================================
Received Import Request.
  Time since last request: 23245.296374 seconds.
  path: Assets/Animations/run backward left.fbx
  artifactKey: Guid(05177745722f9b14e9feb325f68c24b6) Importer(815301076,1909f56bfc062723c751e8b465ee728b)
Start importing Assets/Animations/run backward left.fbx using Guid(05177745722f9b14e9feb325f68c24b6) Importer(815301076,1909f56bfc062723c751e8b465ee728b)  -> (artifact id: '41d9e6c16a22d5c3eb4f451b0f7322f9') in 0.037816 seconds 
========================================================================
Received Import Request.
  Time since last request: 0.000016 seconds.
  path: Assets/Animations/death from back headshot.fbx
  artifactKey: Guid(d697a1d847f429f43aea6120287b5218) Importer(815301076,1909f56bfc062723c751e8b465ee728b)
Start importing Assets/Animations/death from back headshot.fbx using Guid(d697a1d847f429f43aea6120287b5218) Importer(815301076,1909f56bfc062723c751e8b465ee728b)  -> (artifact id: '70a5ab94975f4486c4948d4741bc446f') in 0.009408 seconds 
========================================================================
Received Import Request.
  Time since last request: 0.000016 seconds.
  path: Assets/Animations/walk backward right.fbx
  artifactKey: Guid(698eeea91f7f3b44d995eba1579eb037) Importer(815301076,1909f56bfc062723c751e8b465ee728b)
Start importing Assets/Animations/walk backward right.fbx using Guid(698eeea91f7f3b44d995eba1579eb037) Importer(815301076,1909f56bfc062723c751e8b465ee728b)  -> (artifact id: 'ddd86090bd77162d6ab7fe38ffd952bf') in 0.009762 seconds 
========================================================================
Received Import Request.
  Time since last request: 0.000016 seconds.
  path: Assets/Animations/run forward right.fbx
  artifactKey: Guid(5176b7b73279c124785ce7d1a14f7da4) Importer(815301076,1909f56bfc062723c751e8b465ee728b)
Start importing Assets/Animations/run forward right.fbx using Guid(5176b7b73279c124785ce7d1a14f7da4) Importer(815301076,1909f56bfc062723c751e8b465ee728b)  -> (artifact id: '9d6914237353ce185ff0722ad23e766b') in 0.009187 seconds 
========================================================================
Received Import Request.
  Time since last request: 0.000021 seconds.
  path: Assets/Animations/sprint forward.fbx
  artifactKey: Guid(5144eb4c191d18d4ea5c406f58de3342) Importer(815301076,1909f56bfc062723c751e8b465ee728b)
Start importing Assets/Animations/sprint forward.fbx using Guid(5144eb4c191d18d4ea5c406f58de3342) Importer(815301076,1909f56bfc062723c751e8b465ee728b)  -> (artifact id: '38a551a0ad6ecca5ad99a19e02ece6dd') in 0.010971 seconds 
========================================================================
Received Import Request.
  Time since last request: 0.000027 seconds.
  path: Assets/Animations/idle crouching aiming.fbx
  artifactKey: Guid(9b577ffe22ceaee48b6dc9aea2a72451) Importer(815301076,1909f56bfc062723c751e8b465ee728b)
Start importing Assets/Animations/idle crouching aiming.fbx using Guid(9b577ffe22ceaee48b6dc9aea2a72451) Importer(815301076,1909f56bfc062723c751e8b465ee728b)  -> (artifact id: '2e10db4a56a0ab08447a947176ab7892') in 0.009293 seconds 
========================================================================
Received Import Request.
  Time since last request: 0.000015 seconds.
  path: Assets/Animations/idle crouching.fbx
  artifactKey: Guid(a0fe1565ab00e40409a50605c51d8c8d) Importer(815301076,1909f56bfc062723c751e8b465ee728b)
Start importing Assets/Animations/idle crouching.fbx using Guid(a0fe1565ab00e40409a50605c51d8c8d) Importer(815301076,1909f56bfc062723c751e8b465ee728b)  -> (artifact id: 'd8eff8bbe2a9e17ef8ab94e2caa0a670') in 0.009649 seconds 
========================================================================
Received Import Request.
  Time since last request: 0.000016 seconds.
  path: Assets/Animations/walk crouching forward.fbx
  artifactKey: Guid(7073380b4771c7e49b5ca4b131af8ace) Importer(815301076,1909f56bfc062723c751e8b465ee728b)
Start importing Assets/Animations/walk crouching forward.fbx using Guid(7073380b4771c7e49b5ca4b131af8ace) Importer(815301076,1909f56bfc062723c751e8b465ee728b)  -> (artifact id: '7e7c3777553dea4d9f3e2c81fa5f5169') in 0.008577 seconds 
========================================================================
Received Import Request.
  Time since last request: 0.000018 seconds.
  path: Assets/Animations/walk forward.fbx
  artifactKey: Guid(4c7ff1e0585bba44581b5875a04cfa65) Importer(815301076,1909f56bfc062723c751e8b465ee728b)
Start importing Assets/Animations/walk forward.fbx using Guid(4c7ff1e0585bba44581b5875a04cfa65) Importer(815301076,1909f56bfc062723c751e8b465ee728b)  -> (artifact id: '0cb67956265d9577b00ad8ed3601c44d') in 0.008816 seconds 
Editor requested this worker to shutdown with reason: Scaling down because of idle timeout
AssetImportWorker is now disconnected from the server
Process exiting
Exiting without the bug reporter. Application will terminate with return code 0